/hpcgpfs01/software/cmake/3.16.2/bin/cmake -S/sdcc/u/fmohammad/PR_DNS_base/DNS -B/sdcc/u/fmohammad/PR_DNS_base/DNS --check-build-system CMakeFiles/Makefile.cmake 0
/hpcgpfs01/software/cmake/3.16.2/bin/cmake -E cmake_progress_start /sdcc/u/fmohammad/PR_DNS_base/DNS/CMakeFiles /sdcc/u/fmohammad/PR_DNS_base/DNS/CMakeFiles/progress.marks
make -f CMakeFiles/Makefile2 all
make[1]: Entering directory '/direct/sdcc+u/fmohammad/PR_DNS_base/DNS'
make -f src/CMakeFiles/frontier.dir/build.make src/CMakeFiles/frontier.dir/depend
make[2]: Entering directory '/direct/sdcc+u/fmohammad/PR_DNS_base/DNS'
cd /sdcc/u/fmohammad/PR_DNS_base/DNS && /hpcgpfs01/software/cmake/3.16.2/bin/cmake -E cmake_depends "Unix Makefiles" /sdcc/u/fmohammad/PR_DNS_base/DNS /sdcc/u/fmohammad/PR_DNS_base/DNS/src /sdcc/u/fmohammad/PR_DNS_base/DNS /sdcc/u/fmohammad/PR_DNS_base/DNS/src /sdcc/u/fmohammad/PR_DNS_base/DNS/src/CMakeFiles/frontier.dir/DependInfo.cmake --color=
make[2]: Leaving directory '/direct/sdcc+u/fmohammad/PR_DNS_base/DNS'
make -f src/CMakeFiles/frontier.dir/build.make src/CMakeFiles/frontier.dir/build
make[2]: Entering directory '/direct/sdcc+u/fmohammad/PR_DNS_base/DNS'
[  1%] Building C object src/CMakeFiles/frontier.dir/front/fgb3d.c.o
cd /sdcc/u/fmohammad/PR_DNS_base/DNS/src && /hpcgpfs01/software/openmpi/4.1.1-gcc9.3.0/bin/mpicc  -I/sdcc/u/fmohammad/PR_DNS_base/DNS/src/front -I/sdcc/u/fmohammad/PR_DNS_base/DNS/src/intfc -I/sdcc/u/fmohammad/PR_DNS_base/DNS/src/util -I/sdcc/u/fmohammad/PR_DNS_base/DNS/src -I/sdcc/u/fmohammad/.conda/envs/pr-dns/include  -D__MPI__ -DUSE_HDF -D__GD__   -o CMakeFiles/frontier.dir/front/fgb3d.c.o   -c /sdcc/u/fmohammad/PR_DNS_base/DNS/src/front/fgb3d.c
[  2%] Building C object src/CMakeFiles/frontier.dir/front/fgb3dutil.c.o
cd /sdcc/u/fmohammad/PR_DNS_base/DNS/src && /hpcgpfs01/software/openmpi/4.1.1-gcc9.3.0/bin/mpicc  -I/sdcc/u/fmohammad/PR_DNS_base/DNS/src/front -I/sdcc/u/fmohammad/PR_DNS_base/DNS/src/intfc -I/sdcc/u/fmohammad/PR_DNS_base/DNS/src/util -I/sdcc/u/fmohammad/PR_DNS_base/DNS/src -I/sdcc/u/fmohammad/.conda/envs/pr-dns/include  -D__MPI__ -DUSE_HDF -D__GD__   -o CMakeFiles/frontier.dir/front/fgb3dutil.c.o   -c /sdcc/u/fmohammad/PR_DNS_base/DNS/src/front/fgb3dutil.c
[  3%] Building C object src/CMakeFiles/frontier.dir/front/fgrid.c.o
cd /sdcc/u/fmohammad/PR_DNS_base/DNS/src && /hpcgpfs01/software/openmpi/4.1.1-gcc9.3.0/bin/mpicc  -I/sdcc/u/fmohammad/PR_DNS_base/DNS/src/front -I/sdcc/u/fmohammad/PR_DNS_base/DNS/src/intfc -I/sdcc/u/fmohammad/PR_DNS_base/DNS/src/util -I/sdcc/u/fmohammad/PR_DNS_base/DNS/src -I/sdcc/u/fmohammad/.conda/envs/pr-dns/include  -D__MPI__ -DUSE_HDF -D__GD__   -o CMakeFiles/frontier.dir/front/fgrid.c.o   -c /sdcc/u/fmohammad/PR_DNS_base/DNS/src/front/fgrid.c
[  3%] Building C object src/CMakeFiles/frontier.dir/front/finit.c.o
cd /sdcc/u/fmohammad/PR_DNS_base/DNS/src && /hpcgpfs01/software/openmpi/4.1.1-gcc9.3.0/bin/mpicc  -I/sdcc/u/fmohammad/PR_DNS_base/DNS/src/front -I/sdcc/u/fmohammad/PR_DNS_base/DNS/src/intfc -I/sdcc/u/fmohammad/PR_DNS_base/DNS/src/util -I/sdcc/u/fmohammad/PR_DNS_base/DNS/src -I/sdcc/u/fmohammad/.conda/envs/pr-dns/include  -D__MPI__ -DUSE_HDF -D__GD__   -o CMakeFiles/frontier.dir/front/finit.c.o   -c /sdcc/u/fmohammad/PR_DNS_base/DNS/src/front/finit.c
[  4%] Building C object src/CMakeFiles/frontier.dir/front/fint.c.o
cd /sdcc/u/fmohammad/PR_DNS_base/DNS/src && /hpcgpfs01/software/openmpi/4.1.1-gcc9.3.0/bin/mpicc  -I/sdcc/u/fmohammad/PR_DNS_base/DNS/src/front -I/sdcc/u/fmohammad/PR_DNS_base/DNS/src/intfc -I/sdcc/u/fmohammad/PR_DNS_base/DNS/src/util -I/sdcc/u/fmohammad/PR_DNS_base/DNS/src -I/sdcc/u/fmohammad/.conda/envs/pr-dns/include  -D__MPI__ -DUSE_HDF -D__GD__   -o CMakeFiles/frontier.dir/front/fint.c.o   -c /sdcc/u/fmohammad/PR_DNS_base/DNS/src/front/fint.c
[  5%] Building C object src/CMakeFiles/frontier.dir/front/fmap.c.o
cd /sdcc/u/fmohammad/PR_DNS_base/DNS/src && /hpcgpfs01/software/openmpi/4.1.1-gcc9.3.0/bin/mpicc  -I/sdcc/u/fmohammad/PR_DNS_base/DNS/src/front -I/sdcc/u/fmohammad/PR_DNS_base/DNS/src/intfc -I/sdcc/u/fmohammad/PR_DNS_base/DNS/src/util -I/sdcc/u/fmohammad/PR_DNS_base/DNS/src -I/sdcc/u/fmohammad/.conda/envs/pr-dns/include  -D__MPI__ -DUSE_HDF -D__GD__   -o CMakeFiles/frontier.dir/front/fmap.c.o   -c /sdcc/u/fmohammad/PR_DNS_base/DNS/src/front/fmap.c
[  5%] Building C object src/CMakeFiles/frontier.dir/front/fmap2.c.o
cd /sdcc/u/fmohammad/PR_DNS_base/DNS/src && /hpcgpfs01/software/openmpi/4.1.1-gcc9.3.0/bin/mpicc  -I/sdcc/u/fmohammad/PR_DNS_base/DNS/src/front -I/sdcc/u/fmohammad/PR_DNS_base/DNS/src/intfc -I/sdcc/u/fmohammad/PR_DNS_base/DNS/src/util -I/sdcc/u/fmohammad/PR_DNS_base/DNS/src -I/sdcc/u/fmohammad/.conda/envs/pr-dns/include  -D__MPI__ -DUSE_HDF -D__GD__   -o CMakeFiles/frontier.dir/front/fmap2.c.o   -c /sdcc/u/fmohammad/PR_DNS_base/DNS/src/front/fmap2.c
[  6%] Building C object src/CMakeFiles/frontier.dir/front/fnode.c.o
cd /sdcc/u/fmohammad/PR_DNS_base/DNS/src && /hpcgpfs01/software/openmpi/4.1.1-gcc9.3.0/bin/mpicc  -I/sdcc/u/fmohammad/PR_DNS_base/DNS/src/front -I/sdcc/u/fmohammad/PR_DNS_base/DNS/src/intfc -I/sdcc/u/fmohammad/PR_DNS_base/DNS/src/util -I/sdcc/u/fmohammad/PR_DNS_base/DNS/src -I/sdcc/u/fmohammad/.conda/envs/pr-dns/include  -D__MPI__ -DUSE_HDF -D__GD__   -o CMakeFiles/frontier.dir/front/fnode.c.o   -c /sdcc/u/fmohammad/PR_DNS_base/DNS/src/front/fnode.c
[  7%] Building C object src/CMakeFiles/frontier.dir/front/fnodesub.c.o
cd /sdcc/u/fmohammad/PR_DNS_base/DNS/src && /hpcgpfs01/software/openmpi/4.1.1-gcc9.3.0/bin/mpicc  -I/sdcc/u/fmohammad/PR_DNS_base/DNS/src/front -I/sdcc/u/fmohammad/PR_DNS_base/DNS/src/intfc -I/sdcc/u/fmohammad/PR_DNS_base/DNS/src/util -I/sdcc/u/fmohammad/PR_DNS_base/DNS/src -I/sdcc/u/fmohammad/.conda/envs/pr-dns/include  -D__MPI__ -DUSE_HDF -D__GD__   -o CMakeFiles/frontier.dir/front/fnodesub.c.o   -c /sdcc/u/fmohammad/PR_DNS_base/DNS/src/front/fnodesub.c
[  7%] Building C object src/CMakeFiles/frontier.dir/front/fpatch3d.c.o
cd /sdcc/u/fmohammad/PR_DNS_base/DNS/src && /hpcgpfs01/software/openmpi/4.1.1-gcc9.3.0/bin/mpicc  -I/sdcc/u/fmohammad/PR_DNS_base/DNS/src/front -I/sdcc/u/fmohammad/PR_DNS_base/DNS/src/intfc -I/sdcc/u/fmohammad/PR_DNS_base/DNS/src/util -I/sdcc/u/fmohammad/PR_DNS_base/DNS/src -I/sdcc/u/fmohammad/.conda/envs/pr-dns/include  -D__MPI__ -DUSE_HDF -D__GD__   -o CMakeFiles/frontier.dir/front/fpatch3d.c.o   -c /sdcc/u/fmohammad/PR_DNS_base/DNS/src/front/fpatch3d.c
[  8%] Building C object src/CMakeFiles/frontier.dir/front/fprint.c.o
cd /sdcc/u/fmohammad/PR_DNS_base/DNS/src && /hpcgpfs01/software/openmpi/4.1.1-gcc9.3.0/bin/mpicc  -I/sdcc/u/fmohammad/PR_DNS_base/DNS/src/front -I/sdcc/u/fmohammad/PR_DNS_base/DNS/src/intfc -I/sdcc/u/fmohammad/PR_DNS_base/DNS/src/util -I/sdcc/u/fmohammad/PR_DNS_base/DNS/src -I/sdcc/u/fmohammad/.conda/envs/pr-dns/include  -D__MPI__ -DUSE_HDF -D__GD__   -o CMakeFiles/frontier.dir/front/fprint.c.o   -c /sdcc/u/fmohammad/PR_DNS_base/DNS/src/front/fprint.c
[  9%] Building C object src/CMakeFiles/frontier.dir/front/fprop2d.c.o
cd /sdcc/u/fmohammad/PR_DNS_base/DNS/src && /hpcgpfs01/software/openmpi/4.1.1-gcc9.3.0/bin/mpicc  -I/sdcc/u/fmohammad/PR_DNS_base/DNS/src/front -I/sdcc/u/fmohammad/PR_DNS_base/DNS/src/intfc -I/sdcc/u/fmohammad/PR_DNS_base/DNS/src/util -I/sdcc/u/fmohammad/PR_DNS_base/DNS/src -I/sdcc/u/fmohammad/.conda/envs/pr-dns/include  -D__MPI__ -DUSE_HDF -D__GD__   -o CMakeFiles/frontier.dir/front/fprop2d.c.o   -c /sdcc/u/fmohammad/PR_DNS_base/DNS/src/front/fprop2d.c
[ 10%] Building C object src/CMakeFiles/frontier.dir/front/fprop3d.c.o
cd /sdcc/u/fmohammad/PR_DNS_base/DNS/src && /hpcgpfs01/software/openmpi/4.1.1-gcc9.3.0/bin/mpicc  -I/sdcc/u/fmohammad/PR_DNS_base/DNS/src/front -I/sdcc/u/fmohammad/PR_DNS_base/DNS/src/intfc -I/sdcc/u/fmohammad/PR_DNS_base/DNS/src/util -I/sdcc/u/fmohammad/PR_DNS_base/DNS/src -I/sdcc/u/fmohammad/.conda/envs/pr-dns/include  -D__MPI__ -DUSE_HDF -D__GD__   -o CMakeFiles/frontier.dir/front/fprop3d.c.o   -c /sdcc/u/fmohammad/PR_DNS_base/DNS/src/front/fprop3d.c
[ 10%] Building C object src/CMakeFiles/frontier.dir/front/fredist.c.o
cd /sdcc/u/fmohammad/PR_DNS_base/DNS/src && /hpcgpfs01/software/openmpi/4.1.1-gcc9.3.0/bin/mpicc  -I/sdcc/u/fmohammad/PR_DNS_base/DNS/src/front -I/sdcc/u/fmohammad/PR_DNS_base/DNS/src/intfc -I/sdcc/u/fmohammad/PR_DNS_base/DNS/src/util -I/sdcc/u/fmohammad/PR_DNS_base/DNS/src -I/sdcc/u/fmohammad/.conda/envs/pr-dns/include  -D__MPI__ -DUSE_HDF -D__GD__   -o CMakeFiles/frontier.dir/front/fredist.c.o   -c /sdcc/u/fmohammad/PR_DNS_base/DNS/src/front/fredist.c
[ 11%] Building C object src/CMakeFiles/frontier.dir/front/fredist1d.c.o
cd /sdcc/u/fmohammad/PR_DNS_base/DNS/src && /hpcgpfs01/software/openmpi/4.1.1-gcc9.3.0/bin/mpicc  -I/sdcc/u/fmohammad/PR_DNS_base/DNS/src/front -I/sdcc/u/fmohammad/PR_DNS_base/DNS/src/intfc -I/sdcc/u/fmohammad/PR_DNS_base/DNS/src/util -I/sdcc/u/fmohammad/PR_DNS_base/DNS/src -I/sdcc/u/fmohammad/.conda/envs/pr-dns/include  -D__MPI__ -DUSE_HDF -D__GD__   -o CMakeFiles/frontier.dir/front/fredist1d.c.o   -c /sdcc/u/fmohammad/PR_DNS_base/DNS/src/front/fredist1d.c
[ 12%] Building C object src/CMakeFiles/frontier.dir/front/fredist2d.c.o
cd /sdcc/u/fmohammad/PR_DNS_base/DNS/src && /hpcgpfs01/software/openmpi/4.1.1-gcc9.3.0/bin/mpicc  -I/sdcc/u/fmohammad/PR_DNS_base/DNS/src/front -I/sdcc/u/fmohammad/PR_DNS_base/DNS/src/intfc -I/sdcc/u/fmohammad/PR_DNS_base/DNS/src/util -I/sdcc/u/fmohammad/PR_DNS_base/DNS/src -I/sdcc/u/fmohammad/.conda/envs/pr-dns/include  -D__MPI__ -DUSE_HDF -D__GD__   -o CMakeFiles/frontier.dir/front/fredist2d.c.o   -c /sdcc/u/fmohammad/PR_DNS_base/DNS/src/front/fredist2d.c
[ 12%] Building C object src/CMakeFiles/frontier.dir/front/fredist3d.c.o
cd /sdcc/u/fmohammad/PR_DNS_base/DNS/src && /hpcgpfs01/software/openmpi/4.1.1-gcc9.3.0/bin/mpicc  -I/sdcc/u/fmohammad/PR_DNS_base/DNS/src/front -I/sdcc/u/fmohammad/PR_DNS_base/DNS/src/intfc -I/sdcc/u/fmohammad/PR_DNS_base/DNS/src/util -I/sdcc/u/fmohammad/PR_DNS_base/DNS/src -I/sdcc/u/fmohammad/.conda/envs/pr-dns/include  -D__MPI__ -DUSE_HDF -D__GD__   -o CMakeFiles/frontier.dir/front/fredist3d.c.o   -c /sdcc/u/fmohammad/PR_DNS_base/DNS/src/front/fredist3d.c
[ 13%] Building C object src/CMakeFiles/frontier.dir/front/frp1.c.o
cd /sdcc/u/fmohammad/PR_DNS_base/DNS/src && /hpcgpfs01/software/openmpi/4.1.1-gcc9.3.0/bin/mpicc  -I/sdcc/u/fmohammad/PR_DNS_base/DNS/src/front -I/sdcc/u/fmohammad/PR_DNS_base/DNS/src/intfc -I/sdcc/u/fmohammad/PR_DNS_base/DNS/src/util -I/sdcc/u/fmohammad/PR_DNS_base/DNS/src -I/sdcc/u/fmohammad/.conda/envs/pr-dns/include  -D__MPI__ -DUSE_HDF -D__GD__   -o CMakeFiles/frontier.dir/front/frp1.c.o   -c /sdcc/u/fmohammad/PR_DNS_base/DNS/src/front/frp1.c
[ 14%] Building C object src/CMakeFiles/frontier.dir/front/frp2.c.o
cd /sdcc/u/fmohammad/PR_DNS_base/DNS/src && /hpcgpfs01/software/openmpi/4.1.1-gcc9.3.0/bin/mpicc  -I/sdcc/u/fmohammad/PR_DNS_base/DNS/src/front -I/sdcc/u/fmohammad/PR_DNS_base/DNS/src/intfc -I/sdcc/u/fmohammad/PR_DNS_base/DNS/src/util -I/sdcc/u/fmohammad/PR_DNS_base/DNS/src -I/sdcc/u/fmohammad/.conda/envs/pr-dns/include  -D__MPI__ -DUSE_HDF -D__GD__   -o CMakeFiles/frontier.dir/front/frp2.c.o   -c /sdcc/u/fmohammad/PR_DNS_base/DNS/src/front/frp2.c
[ 14%] Building C object src/CMakeFiles/frontier.dir/front/fscat1d.c.o
cd /sdcc/u/fmohammad/PR_DNS_base/DNS/src && /hpcgpfs01/software/openmpi/4.1.1-gcc9.3.0/bin/mpicc  -I/sdcc/u/fmohammad/PR_DNS_base/DNS/src/front -I/sdcc/u/fmohammad/PR_DNS_base/DNS/src/intfc -I/sdcc/u/fmohammad/PR_DNS_base/DNS/src/util -I/sdcc/u/fmohammad/PR_DNS_base/DNS/src -I/sdcc/u/fmohammad/.conda/envs/pr-dns/include  -D__MPI__ -DUSE_HDF -D__GD__   -o CMakeFiles/frontier.dir/front/fscat1d.c.o   -c /sdcc/u/fmohammad/PR_DNS_base/DNS/src/front/fscat1d.c
[ 15%] Building C object src/CMakeFiles/frontier.dir/front/fscat2d.c.o
cd /sdcc/u/fmohammad/PR_DNS_base/DNS/src && /hpcgpfs01/software/openmpi/4.1.1-gcc9.3.0/bin/mpicc  -I/sdcc/u/fmohammad/PR_DNS_base/DNS/src/front -I/sdcc/u/fmohammad/PR_DNS_base/DNS/src/intfc -I/sdcc/u/fmohammad/PR_DNS_base/DNS/src/util -I/sdcc/u/fmohammad/PR_DNS_base/DNS/src -I/sdcc/u/fmohammad/.conda/envs/pr-dns/include  -D__MPI__ -DUSE_HDF -D__GD__   -o CMakeFiles/frontier.dir/front/fscat2d.c.o   -c /sdcc/u/fmohammad/PR_DNS_base/DNS/src/front/fscat2d.c
[ 16%] Building C object src/CMakeFiles/frontier.dir/front/fscat3d1.c.o
cd /sdcc/u/fmohammad/PR_DNS_base/DNS/src && /hpcgpfs01/software/openmpi/4.1.1-gcc9.3.0/bin/mpicc  -I/sdcc/u/fmohammad/PR_DNS_base/DNS/src/front -I/sdcc/u/fmohammad/PR_DNS_base/DNS/src/intfc -I/sdcc/u/fmohammad/PR_DNS_base/DNS/src/util -I/sdcc/u/fmohammad/PR_DNS_base/DNS/src -I/sdcc/u/fmohammad/.conda/envs/pr-dns/include  -D__MPI__ -DUSE_HDF -D__GD__   -o CMakeFiles/frontier.dir/front/fscat3d1.c.o   -c /sdcc/u/fmohammad/PR_DNS_base/DNS/src/front/fscat3d1.c
[ 16%] Building C object src/CMakeFiles/frontier.dir/front/fscat3d2.c.o
cd /sdcc/u/fmohammad/PR_DNS_base/DNS/src && /hpcgpfs01/software/openmpi/4.1.1-gcc9.3.0/bin/mpicc  -I/sdcc/u/fmohammad/PR_DNS_base/DNS/src/front -I/sdcc/u/fmohammad/PR_DNS_base/DNS/src/intfc -I/sdcc/u/fmohammad/PR_DNS_base/DNS/src/util -I/sdcc/u/fmohammad/PR_DNS_base/DNS/src -I/sdcc/u/fmohammad/.conda/envs/pr-dns/include  -D__MPI__ -DUSE_HDF -D__GD__   -o CMakeFiles/frontier.dir/front/fscat3d2.c.o   -c /sdcc/u/fmohammad/PR_DNS_base/DNS/src/front/fscat3d2.c
[ 17%] Building C object src/CMakeFiles/frontier.dir/front/fscat3d3.c.o
cd /sdcc/u/fmohammad/PR_DNS_base/DNS/src && /hpcgpfs01/software/openmpi/4.1.1-gcc9.3.0/bin/mpicc  -I/sdcc/u/fmohammad/PR_DNS_base/DNS/src/front -I/sdcc/u/fmohammad/PR_DNS_base/DNS/src/intfc -I/sdcc/u/fmohammad/PR_DNS_base/DNS/src/util -I/sdcc/u/fmohammad/PR_DNS_base/DNS/src -I/sdcc/u/fmohammad/.conda/envs/pr-dns/include  -D__MPI__ -DUSE_HDF -D__GD__   -o CMakeFiles/frontier.dir/front/fscat3d3.c.o   -c /sdcc/u/fmohammad/PR_DNS_base/DNS/src/front/fscat3d3.c
[ 18%] Building C object src/CMakeFiles/frontier.dir/front/fscatter.c.o
cd /sdcc/u/fmohammad/PR_DNS_base/DNS/src && /hpcgpfs01/software/openmpi/4.1.1-gcc9.3.0/bin/mpicc  -I/sdcc/u/fmohammad/PR_DNS_base/DNS/src/front -I/sdcc/u/fmohammad/PR_DNS_base/DNS/src/intfc -I/sdcc/u/fmohammad/PR_DNS_base/DNS/src/util -I/sdcc/u/fmohammad/PR_DNS_base/DNS/src -I/sdcc/u/fmohammad/.conda/envs/pr-dns/include  -D__MPI__ -DUSE_HDF -D__GD__   -o CMakeFiles/frontier.dir/front/fscatter.c.o   -c /sdcc/u/fmohammad/PR_DNS_base/DNS/src/front/fscatter.c
[ 19%] Building C object src/CMakeFiles/frontier.dir/front/fstate.c.o
cd /sdcc/u/fmohammad/PR_DNS_base/DNS/src && /hpcgpfs01/software/openmpi/4.1.1-gcc9.3.0/bin/mpicc  -I/sdcc/u/fmohammad/PR_DNS_base/DNS/src/front -I/sdcc/u/fmohammad/PR_DNS_base/DNS/src/intfc -I/sdcc/u/fmohammad/PR_DNS_base/DNS/src/util -I/sdcc/u/fmohammad/PR_DNS_base/DNS/src -I/sdcc/u/fmohammad/.conda/envs/pr-dns/include  -D__MPI__ -DUSE_HDF -D__GD__   -o CMakeFiles/frontier.dir/front/fstate.c.o   -c /sdcc/u/fmohammad/PR_DNS_base/DNS/src/front/fstate.c
[ 19%] Building C object src/CMakeFiles/frontier.dir/front/fstate2d.c.o
cd /sdcc/u/fmohammad/PR_DNS_base/DNS/src && /hpcgpfs01/software/openmpi/4.1.1-gcc9.3.0/bin/mpicc  -I/sdcc/u/fmohammad/PR_DNS_base/DNS/src/front -I/sdcc/u/fmohammad/PR_DNS_base/DNS/src/intfc -I/sdcc/u/fmohammad/PR_DNS_base/DNS/src/util -I/sdcc/u/fmohammad/PR_DNS_base/DNS/src -I/sdcc/u/fmohammad/.conda/envs/pr-dns/include  -D__MPI__ -DUSE_HDF -D__GD__   -o CMakeFiles/frontier.dir/front/fstate2d.c.o   -c /sdcc/u/fmohammad/PR_DNS_base/DNS/src/front/fstate2d.c
[ 20%] Building C object src/CMakeFiles/frontier.dir/front/fsub.c.o
cd /sdcc/u/fmohammad/PR_DNS_base/DNS/src && /hpcgpfs01/software/openmpi/4.1.1-gcc9.3.0/bin/mpicc  -I/sdcc/u/fmohammad/PR_DNS_base/DNS/src/front -I/sdcc/u/fmohammad/PR_DNS_base/DNS/src/intfc -I/sdcc/u/fmohammad/PR_DNS_base/DNS/src/util -I/sdcc/u/fmohammad/PR_DNS_base/DNS/src -I/sdcc/u/fmohammad/.conda/envs/pr-dns/include  -D__MPI__ -DUSE_HDF -D__GD__   -o CMakeFiles/frontier.dir/front/fsub.c.o   -c /sdcc/u/fmohammad/PR_DNS_base/DNS/src/front/fsub.c
[ 21%] Building C object src/CMakeFiles/frontier.dir/front/ftop.c.o
cd /sdcc/u/fmohammad/PR_DNS_base/DNS/src && /hpcgpfs01/software/openmpi/4.1.1-gcc9.3.0/bin/mpicc  -I/sdcc/u/fmohammad/PR_DNS_base/DNS/src/front -I/sdcc/u/fmohammad/PR_DNS_base/DNS/src/intfc -I/sdcc/u/fmohammad/PR_DNS_base/DNS/src/util -I/sdcc/u/fmohammad/PR_DNS_base/DNS/src -I/sdcc/u/fmohammad/.conda/envs/pr-dns/include  -D__MPI__ -DUSE_HDF -D__GD__   -o CMakeFiles/frontier.dir/front/ftop.c.o   -c /sdcc/u/fmohammad/PR_DNS_base/DNS/src/front/ftop.c
[ 21%] Building C object src/CMakeFiles/frontier.dir/front/funtan2d.c.o
cd /sdcc/u/fmohammad/PR_DNS_base/DNS/src && /hpcgpfs01/software/openmpi/4.1.1-gcc9.3.0/bin/mpicc  -I/sdcc/u/fmohammad/PR_DNS_base/DNS/src/front -I/sdcc/u/fmohammad/PR_DNS_base/DNS/src/intfc -I/sdcc/u/fmohammad/PR_DNS_base/DNS/src/util -I/sdcc/u/fmohammad/PR_DNS_base/DNS/src -I/sdcc/u/fmohammad/.conda/envs/pr-dns/include  -D__MPI__ -DUSE_HDF -D__GD__   -o CMakeFiles/frontier.dir/front/funtan2d.c.o   -c /sdcc/u/fmohammad/PR_DNS_base/DNS/src/front/funtan2d.c
[ 22%] Building C object src/CMakeFiles/frontier.dir/front/funtan3d.c.o
cd /sdcc/u/fmohammad/PR_DNS_base/DNS/src && /hpcgpfs01/software/openmpi/4.1.1-gcc9.3.0/bin/mpicc  -I/sdcc/u/fmohammad/PR_DNS_base/DNS/src/front -I/sdcc/u/fmohammad/PR_DNS_base/DNS/src/intfc -I/sdcc/u/fmohammad/PR_DNS_base/DNS/src/util -I/sdcc/u/fmohammad/PR_DNS_base/DNS/src -I/sdcc/u/fmohammad/.conda/envs/pr-dns/include  -D__MPI__ -DUSE_HDF -D__GD__   -o CMakeFiles/frontier.dir/front/funtan3d.c.o   -c /sdcc/u/fmohammad/PR_DNS_base/DNS/src/front/funtan3d.c
[ 23%] Building C object src/CMakeFiles/frontier.dir/front/fuserhooks.c.o
cd /sdcc/u/fmohammad/PR_DNS_base/DNS/src && /hpcgpfs01/software/openmpi/4.1.1-gcc9.3.0/bin/mpicc  -I/sdcc/u/fmohammad/PR_DNS_base/DNS/src/front -I/sdcc/u/fmohammad/PR_DNS_base/DNS/src/intfc -I/sdcc/u/fmohammad/PR_DNS_base/DNS/src/util -I/sdcc/u/fmohammad/PR_DNS_base/DNS/src -I/sdcc/u/fmohammad/.conda/envs/pr-dns/include  -D__MPI__ -DUSE_HDF -D__GD__   -o CMakeFiles/frontier.dir/front/fuserhooks.c.o   -c /sdcc/u/fmohammad/PR_DNS_base/DNS/src/front/fuserhooks.c
[ 23%] Building C object src/CMakeFiles/frontier.dir/front/fuserintfc.c.o
cd /sdcc/u/fmohammad/PR_DNS_base/DNS/src && /hpcgpfs01/software/openmpi/4.1.1-gcc9.3.0/bin/mpicc  -I/sdcc/u/fmohammad/PR_DNS_base/DNS/src/front -I/sdcc/u/fmohammad/PR_DNS_base/DNS/src/intfc -I/sdcc/u/fmohammad/PR_DNS_base/DNS/src/util -I/sdcc/u/fmohammad/PR_DNS_base/DNS/src -I/sdcc/u/fmohammad/.conda/envs/pr-dns/include  -D__MPI__ -DUSE_HDF -D__GD__   -o CMakeFiles/frontier.dir/front/fuserintfc.c.o   -c /sdcc/u/fmohammad/PR_DNS_base/DNS/src/front/fuserintfc.c
[ 24%] Building C object src/CMakeFiles/frontier.dir/front/fvelo.c.o
cd /sdcc/u/fmohammad/PR_DNS_base/DNS/src && /hpcgpfs01/software/openmpi/4.1.1-gcc9.3.0/bin/mpicc  -I/sdcc/u/fmohammad/PR_DNS_base/DNS/src/front -I/sdcc/u/fmohammad/PR_DNS_base/DNS/src/intfc -I/sdcc/u/fmohammad/PR_DNS_base/DNS/src/util -I/sdcc/u/fmohammad/PR_DNS_base/DNS/src -I/sdcc/u/fmohammad/.conda/envs/pr-dns/include  -D__MPI__ -DUSE_HDF -D__GD__   -o CMakeFiles/frontier.dir/front/fvelo.c.o   -c /sdcc/u/fmohammad/PR_DNS_base/DNS/src/front/fvelo.c
[ 25%] Building C object src/CMakeFiles/frontier.dir/front/testfront.c.o
cd /sdcc/u/fmohammad/PR_DNS_base/DNS/src && /hpcgpfs01/software/openmpi/4.1.1-gcc9.3.0/bin/mpicc  -I/sdcc/u/fmohammad/PR_DNS_base/DNS/src/front -I/sdcc/u/fmohammad/PR_DNS_base/DNS/src/intfc -I/sdcc/u/fmohammad/PR_DNS_base/DNS/src/util -I/sdcc/u/fmohammad/PR_DNS_base/DNS/src -I/sdcc/u/fmohammad/.conda/envs/pr-dns/include  -D__MPI__ -DUSE_HDF -D__GD__   -o CMakeFiles/frontier.dir/front/testfront.c.o   -c /sdcc/u/fmohammad/PR_DNS_base/DNS/src/front/testfront.c
[ 25%] Building C object src/CMakeFiles/frontier.dir/intfc/arrayutils.c.o
cd /sdcc/u/fmohammad/PR_DNS_base/DNS/src && /hpcgpfs01/software/openmpi/4.1.1-gcc9.3.0/bin/mpicc  -I/sdcc/u/fmohammad/PR_DNS_base/DNS/src/front -I/sdcc/u/fmohammad/PR_DNS_base/DNS/src/intfc -I/sdcc/u/fmohammad/PR_DNS_base/DNS/src/util -I/sdcc/u/fmohammad/PR_DNS_base/DNS/src -I/sdcc/u/fmohammad/.conda/envs/pr-dns/include  -D__MPI__ -DUSE_HDF -D__GD__   -o CMakeFiles/frontier.dir/intfc/arrayutils.c.o   -c /sdcc/u/fmohammad/PR_DNS_base/DNS/src/intfc/arrayutils.c
[ 26%] Building C object src/CMakeFiles/frontier.dir/intfc/comp.c.o
cd /sdcc/u/fmohammad/PR_DNS_base/DNS/src && /hpcgpfs01/software/openmpi/4.1.1-gcc9.3.0/bin/mpicc  -I/sdcc/u/fmohammad/PR_DNS_base/DNS/src/front -I/sdcc/u/fmohammad/PR_DNS_base/DNS/src/intfc -I/sdcc/u/fmohammad/PR_DNS_base/DNS/src/util -I/sdcc/u/fmohammad/PR_DNS_base/DNS/src -I/sdcc/u/fmohammad/.conda/envs/pr-dns/include  -D__MPI__ -DUSE_HDF -D__GD__   -o CMakeFiles/frontier.dir/intfc/comp.c.o   -c /sdcc/u/fmohammad/PR_DNS_base/DNS/src/intfc/comp.c
[ 27%] Building C object src/CMakeFiles/frontier.dir/intfc/comp1d.c.o
cd /sdcc/u/fmohammad/PR_DNS_base/DNS/src && /hpcgpfs01/software/openmpi/4.1.1-gcc9.3.0/bin/mpicc  -I/sdcc/u/fmohammad/PR_DNS_base/DNS/src/front -I/sdcc/u/fmohammad/PR_DNS_base/DNS/src/intfc -I/sdcc/u/fmohammad/PR_DNS_base/DNS/src/util -I/sdcc/u/fmohammad/PR_DNS_base/DNS/src -I/sdcc/u/fmohammad/.conda/envs/pr-dns/include  -D__MPI__ -DUSE_HDF -D__GD__   -o CMakeFiles/frontier.dir/intfc/comp1d.c.o   -c /sdcc/u/fmohammad/PR_DNS_base/DNS/src/intfc/comp1d.c
[ 28%] Building C object src/CMakeFiles/frontier.dir/intfc/comp2d.c.o
cd /sdcc/u/fmohammad/PR_DNS_base/DNS/src && /hpcgpfs01/software/openmpi/4.1.1-gcc9.3.0/bin/mpicc  -I/sdcc/u/fmohammad/PR_DNS_base/DNS/src/front -I/sdcc/u/fmohammad/PR_DNS_base/DNS/src/intfc -I/sdcc/u/fmohammad/PR_DNS_base/DNS/src/util -I/sdcc/u/fmohammad/PR_DNS_base/DNS/src -I/sdcc/u/fmohammad/.conda/envs/pr-dns/include  -D__MPI__ -DUSE_HDF -D__GD__   -o CMakeFiles/frontier.dir/intfc/comp2d.c.o   -c /sdcc/u/fmohammad/PR_DNS_base/DNS/src/intfc/comp2d.c
[ 28%] Building C object src/CMakeFiles/frontier.dir/intfc/comp3d.c.o
cd /sdcc/u/fmohammad/PR_DNS_base/DNS/src && /hpcgpfs01/software/openmpi/4.1.1-gcc9.3.0/bin/mpicc  -I/sdcc/u/fmohammad/PR_DNS_base/DNS/src/front -I/sdcc/u/fmohammad/PR_DNS_base/DNS/src/intfc -I/sdcc/u/fmohammad/PR_DNS_base/DNS/src/util -I/sdcc/u/fmohammad/PR_DNS_base/DNS/src -I/sdcc/u/fmohammad/.conda/envs/pr-dns/include  -D__MPI__ -DUSE_HDF -D__GD__   -o CMakeFiles/frontier.dir/intfc/comp3d.c.o   -c /sdcc/u/fmohammad/PR_DNS_base/DNS/src/intfc/comp3d.c
[ 29%] Building C object src/CMakeFiles/frontier.dir/intfc/cross2d.c.o
cd /sdcc/u/fmohammad/PR_DNS_base/DNS/src && /hpcgpfs01/software/openmpi/4.1.1-gcc9.3.0/bin/mpicc  -I/sdcc/u/fmohammad/PR_DNS_base/DNS/src/front -I/sdcc/u/fmohammad/PR_DNS_base/DNS/src/intfc -I/sdcc/u/fmohammad/PR_DNS_base/DNS/src/util -I/sdcc/u/fmohammad/PR_DNS_base/DNS/src -I/sdcc/u/fmohammad/.conda/envs/pr-dns/include  -D__MPI__ -DUSE_HDF -D__GD__   -o CMakeFiles/frontier.dir/intfc/cross2d.c.o   -c /sdcc/u/fmohammad/PR_DNS_base/DNS/src/intfc/cross2d.c
[ 30%] Building C object src/CMakeFiles/frontier.dir/intfc/geomutils.c.o
cd /sdcc/u/fmohammad/PR_DNS_base/DNS/src && /hpcgpfs01/software/openmpi/4.1.1-gcc9.3.0/bin/mpicc  -I/sdcc/u/fmohammad/PR_DNS_base/DNS/src/front -I/sdcc/u/fmohammad/PR_DNS_base/DNS/src/intfc -I/sdcc/u/fmohammad/PR_DNS_base/DNS/src/util -I/sdcc/u/fmohammad/PR_DNS_base/DNS/src -I/sdcc/u/fmohammad/.conda/envs/pr-dns/include  -D__MPI__ -DUSE_HDF -D__GD__   -o CMakeFiles/frontier.dir/intfc/geomutils.c.o   -c /sdcc/u/fmohammad/PR_DNS_base/DNS/src/intfc/geomutils.c
[ 30%] Building C object src/CMakeFiles/frontier.dir/intfc/iMesh.c.o
cd /sdcc/u/fmohammad/PR_DNS_base/DNS/src && /hpcgpfs01/software/openmpi/4.1.1-gcc9.3.0/bin/mpicc  -I/sdcc/u/fmohammad/PR_DNS_base/DNS/src/front -I/sdcc/u/fmohammad/PR_DNS_base/DNS/src/intfc -I/sdcc/u/fmohammad/PR_DNS_base/DNS/src/util -I/sdcc/u/fmohammad/PR_DNS_base/DNS/src -I/sdcc/u/fmohammad/.conda/envs/pr-dns/include  -D__MPI__ -DUSE_HDF -D__GD__   -o CMakeFiles/frontier.dir/intfc/iMesh.c.o   -c /sdcc/u/fmohammad/PR_DNS_base/DNS/src/intfc/iMesh.c
[ 31%] Building C object src/CMakeFiles/frontier.dir/intfc/iMeshP.c.o
cd /sdcc/u/fmohammad/PR_DNS_base/DNS/src && /hpcgpfs01/software/openmpi/4.1.1-gcc9.3.0/bin/mpicc  -I/sdcc/u/fmohammad/PR_DNS_base/DNS/src/front -I/sdcc/u/fmohammad/PR_DNS_base/DNS/src/intfc -I/sdcc/u/fmohammad/PR_DNS_base/DNS/src/util -I/sdcc/u/fmohammad/PR_DNS_base/DNS/src -I/sdcc/u/fmohammad/.conda/envs/pr-dns/include  -D__MPI__ -DUSE_HDF -D__GD__   -o CMakeFiles/frontier.dir/intfc/iMeshP.c.o   -c /sdcc/u/fmohammad/PR_DNS_base/DNS/src/intfc/iMeshP.c
[ 32%] Building C object src/CMakeFiles/frontier.dir/intfc/iblkb.c.o
cd /sdcc/u/fmohammad/PR_DNS_base/DNS/src && /hpcgpfs01/software/openmpi/4.1.1-gcc9.3.0/bin/mpicc  -I/sdcc/u/fmohammad/PR_DNS_base/DNS/src/front -I/sdcc/u/fmohammad/PR_DNS_base/DNS/src/intfc -I/sdcc/u/fmohammad/PR_DNS_base/DNS/src/util -I/sdcc/u/fmohammad/PR_DNS_base/DNS/src -I/sdcc/u/fmohammad/.conda/envs/pr-dns/include  -D__MPI__ -DUSE_HDF -D__GD__   -o CMakeFiles/frontier.dir/intfc/iblkb.c.o   -c /sdcc/u/fmohammad/PR_DNS_base/DNS/src/intfc/iblkb.c
[ 32%] Building C object src/CMakeFiles/frontier.dir/intfc/iblkc2.c.o
cd /sdcc/u/fmohammad/PR_DNS_base/DNS/src && /hpcgpfs01/software/openmpi/4.1.1-gcc9.3.0/bin/mpicc  -I/sdcc/u/fmohammad/PR_DNS_base/DNS/src/front -I/sdcc/u/fmohammad/PR_DNS_base/DNS/src/intfc -I/sdcc/u/fmohammad/PR_DNS_base/DNS/src/util -I/sdcc/u/fmohammad/PR_DNS_base/DNS/src -I/sdcc/u/fmohammad/.conda/envs/pr-dns/include  -D__MPI__ -DUSE_HDF -D__GD__   -o CMakeFiles/frontier.dir/intfc/iblkc2.c.o   -c /sdcc/u/fmohammad/PR_DNS_base/DNS/src/intfc/iblkc2.c
[ 33%] Building C object src/CMakeFiles/frontier.dir/intfc/iblkc3.c.o
cd /sdcc/u/fmohammad/PR_DNS_base/DNS/src && /hpcgpfs01/software/openmpi/4.1.1-gcc9.3.0/bin/mpicc  -I/sdcc/u/fmohammad/PR_DNS_base/DNS/src/front -I/sdcc/u/fmohammad/PR_DNS_base/DNS/src/intfc -I/sdcc/u/fmohammad/PR_DNS_base/DNS/src/util -I/sdcc/u/fmohammad/PR_DNS_base/DNS/src -I/sdcc/u/fmohammad/.conda/envs/pr-dns/include  -D__MPI__ -DUSE_HDF -D__GD__   -o CMakeFiles/frontier.dir/intfc/iblkc3.c.o   -c /sdcc/u/fmohammad/PR_DNS_base/DNS/src/intfc/iblkc3.c
[ 34%] Building C object src/CMakeFiles/frontier.dir/intfc/icheck3d.c.o
cd /sdcc/u/fmohammad/PR_DNS_base/DNS/src && /hpcgpfs01/software/openmpi/4.1.1-gcc9.3.0/bin/mpicc  -I/sdcc/u/fmohammad/PR_DNS_base/DNS/src/front -I/sdcc/u/fmohammad/PR_DNS_base/DNS/src/intfc -I/sdcc/u/fmohammad/PR_DNS_base/DNS/src/util -I/sdcc/u/fmohammad/PR_DNS_base/DNS/src -I/sdcc/u/fmohammad/.conda/envs/pr-dns/include  -D__MPI__ -DUSE_HDF -D__GD__   -o CMakeFiles/frontier.dir/intfc/icheck3d.c.o   -c /sdcc/u/fmohammad/PR_DNS_base/DNS/src/intfc/icheck3d.c
[ 35%] Building C object src/CMakeFiles/frontier.dir/intfc/idiagnostic.c.o
cd /sdcc/u/fmohammad/PR_DNS_base/DNS/src && /hpcgpfs01/software/openmpi/4.1.1-gcc9.3.0/bin/mpicc  -I/sdcc/u/fmohammad/PR_DNS_base/DNS/src/front -I/sdcc/u/fmohammad/PR_DNS_base/DNS/src/intfc -I/sdcc/u/fmohammad/PR_DNS_base/DNS/src/util -I/sdcc/u/fmohammad/PR_DNS_base/DNS/src -I/sdcc/u/fmohammad/.conda/envs/pr-dns/include  -D__MPI__ -DUSE_HDF -D__GD__   -o CMakeFiles/frontier.dir/intfc/idiagnostic.c.o   -c /sdcc/u/fmohammad/PR_DNS_base/DNS/src/intfc/idiagnostic.c
[ 35%] Building C object src/CMakeFiles/frontier.dir/intfc/iecomps.c.o
cd /sdcc/u/fmohammad/PR_DNS_base/DNS/src && /hpcgpfs01/software/openmpi/4.1.1-gcc9.3.0/bin/mpicc  -I/sdcc/u/fmohammad/PR_DNS_base/DNS/src/front -I/sdcc/u/fmohammad/PR_DNS_base/DNS/src/intfc -I/sdcc/u/fmohammad/PR_DNS_base/DNS/src/util -I/sdcc/u/fmohammad/PR_DNS_base/DNS/src -I/sdcc/u/fmohammad/.conda/envs/pr-dns/include  -D__MPI__ -DUSE_HDF -D__GD__   -o CMakeFiles/frontier.dir/intfc/iecomps.c.o   -c /sdcc/u/fmohammad/PR_DNS_base/DNS/src/intfc/iecomps.c
[ 36%] Building C object src/CMakeFiles/frontier.dir/intfc/ifourier.c.o
cd /sdcc/u/fmohammad/PR_DNS_base/DNS/src && /hpcgpfs01/software/openmpi/4.1.1-gcc9.3.0/bin/mpicc  -I/sdcc/u/fmohammad/PR_DNS_base/DNS/src/front -I/sdcc/u/fmohammad/PR_DNS_base/DNS/src/intfc -I/sdcc/u/fmohammad/PR_DNS_base/DNS/src/util -I/sdcc/u/fmohammad/PR_DNS_base/DNS/src -I/sdcc/u/fmohammad/.conda/envs/pr-dns/include  -D__MPI__ -DUSE_HDF -D__GD__   -o CMakeFiles/frontier.dir/intfc/ifourier.c.o   -c /sdcc/u/fmohammad/PR_DNS_base/DNS/src/intfc/ifourier.c
[ 37%] Building C object src/CMakeFiles/frontier.dir/intfc/igrid.c.o
cd /sdcc/u/fmohammad/PR_DNS_base/DNS/src && /hpcgpfs01/software/openmpi/4.1.1-gcc9.3.0/bin/mpicc  -I/sdcc/u/fmohammad/PR_DNS_base/DNS/src/front -I/sdcc/u/fmohammad/PR_DNS_base/DNS/src/intfc -I/sdcc/u/fmohammad/PR_DNS_base/DNS/src/util -I/sdcc/u/fmohammad/PR_DNS_base/DNS/src -I/sdcc/u/fmohammad/.conda/envs/pr-dns/include  -D__MPI__ -DUSE_HDF -D__GD__   -o CMakeFiles/frontier.dir/intfc/igrid.c.o   -c /sdcc/u/fmohammad/PR_DNS_base/DNS/src/intfc/igrid.c
[ 37%] Building C object src/CMakeFiles/frontier.dir/intfc/igview.c.o
cd /sdcc/u/fmohammad/PR_DNS_base/DNS/src && /hpcgpfs01/software/openmpi/4.1.1-gcc9.3.0/bin/mpicc  -I/sdcc/u/fmohammad/PR_DNS_base/DNS/src/front -I/sdcc/u/fmohammad/PR_DNS_base/DNS/src/intfc -I/sdcc/u/fmohammad/PR_DNS_base/DNS/src/util -I/sdcc/u/fmohammad/PR_DNS_base/DNS/src -I/sdcc/u/fmohammad/.conda/envs/pr-dns/include  -D__MPI__ -DUSE_HDF -D__GD__   -o CMakeFiles/frontier.dir/intfc/igview.c.o   -c /sdcc/u/fmohammad/PR_DNS_base/DNS/src/intfc/igview.c
[ 38%] Building C object src/CMakeFiles/frontier.dir/intfc/imap.c.o
cd /sdcc/u/fmohammad/PR_DNS_base/DNS/src && /hpcgpfs01/software/openmpi/4.1.1-gcc9.3.0/bin/mpicc  -I/sdcc/u/fmohammad/PR_DNS_base/DNS/src/front -I/sdcc/u/fmohammad/PR_DNS_base/DNS/src/intfc -I/sdcc/u/fmohammad/PR_DNS_base/DNS/src/util -I/sdcc/u/fmohammad/PR_DNS_base/DNS/src -I/sdcc/u/fmohammad/.conda/envs/pr-dns/include  -D__MPI__ -DUSE_HDF -D__GD__   -o CMakeFiles/frontier.dir/intfc/imap.c.o   -c /sdcc/u/fmohammad/PR_DNS_base/DNS/src/intfc/imap.c
[ 39%] Building C object src/CMakeFiles/frontier.dir/intfc/imkcurve.c.o
cd /sdcc/u/fmohammad/PR_DNS_base/DNS/src && /hpcgpfs01/software/openmpi/4.1.1-gcc9.3.0/bin/mpicc  -I/sdcc/u/fmohammad/PR_DNS_base/DNS/src/front -I/sdcc/u/fmohammad/PR_DNS_base/DNS/src/intfc -I/sdcc/u/fmohammad/PR_DNS_base/DNS/src/util -I/sdcc/u/fmohammad/PR_DNS_base/DNS/src -I/sdcc/u/fmohammad/.conda/envs/pr-dns/include  -D__MPI__ -DUSE_HDF -D__GD__   -o CMakeFiles/frontier.dir/intfc/imkcurve.c.o   -c /sdcc/u/fmohammad/PR_DNS_base/DNS/src/intfc/imkcurve.c
[ 39%] Building C object src/CMakeFiles/frontier.dir/intfc/imksurf.c.o
cd /sdcc/u/fmohammad/PR_DNS_base/DNS/src && /hpcgpfs01/software/openmpi/4.1.1-gcc9.3.0/bin/mpicc  -I/sdcc/u/fmohammad/PR_DNS_base/DNS/src/front -I/sdcc/u/fmohammad/PR_DNS_base/DNS/src/intfc -I/sdcc/u/fmohammad/PR_DNS_base/DNS/src/util -I/sdcc/u/fmohammad/PR_DNS_base/DNS/src -I/sdcc/u/fmohammad/.conda/envs/pr-dns/include  -D__MPI__ -DUSE_HDF -D__GD__   -o CMakeFiles/frontier.dir/intfc/imksurf.c.o   -c /sdcc/u/fmohammad/PR_DNS_base/DNS/src/intfc/imksurf.c
[ 40%] Building C object src/CMakeFiles/frontier.dir/intfc/int3d.c.o
cd /sdcc/u/fmohammad/PR_DNS_base/DNS/src && /hpcgpfs01/software/openmpi/4.1.1-gcc9.3.0/bin/mpicc  -I/sdcc/u/fmohammad/PR_DNS_base/DNS/src/front -I/sdcc/u/fmohammad/PR_DNS_base/DNS/src/intfc -I/sdcc/u/fmohammad/PR_DNS_base/DNS/src/util -I/sdcc/u/fmohammad/PR_DNS_base/DNS/src -I/sdcc/u/fmohammad/.conda/envs/pr-dns/include  -D__MPI__ -DUSE_HDF -D__GD__   -o CMakeFiles/frontier.dir/intfc/int3d.c.o   -c /sdcc/u/fmohammad/PR_DNS_base/DNS/src/intfc/int3d.c
[ 41%] Building C object src/CMakeFiles/frontier.dir/intfc/intfc.c.o
cd /sdcc/u/fmohammad/PR_DNS_base/DNS/src && /hpcgpfs01/software/openmpi/4.1.1-gcc9.3.0/bin/mpicc  -I/sdcc/u/fmohammad/PR_DNS_base/DNS/src/front -I/sdcc/u/fmohammad/PR_DNS_base/DNS/src/intfc -I/sdcc/u/fmohammad/PR_DNS_base/DNS/src/util -I/sdcc/u/fmohammad/PR_DNS_base/DNS/src -I/sdcc/u/fmohammad/.conda/envs/pr-dns/include  -D__MPI__ -DUSE_HDF -D__GD__   -o CMakeFiles/frontier.dir/intfc/intfc.c.o   -c /sdcc/u/fmohammad/PR_DNS_base/DNS/src/intfc/intfc.c
[ 41%] Building C object src/CMakeFiles/frontier.dir/intfc/iprt3d.c.o
cd /sdcc/u/fmohammad/PR_DNS_base/DNS/src && /hpcgpfs01/software/openmpi/4.1.1-gcc9.3.0/bin/mpicc  -I/sdcc/u/fmohammad/PR_DNS_base/DNS/src/front -I/sdcc/u/fmohammad/PR_DNS_base/DNS/src/intfc -I/sdcc/u/fmohammad/PR_DNS_base/DNS/src/util -I/sdcc/u/fmohammad/PR_DNS_base/DNS/src -I/sdcc/u/fmohammad/.conda/envs/pr-dns/include  -D__MPI__ -DUSE_HDF -D__GD__   -o CMakeFiles/frontier.dir/intfc/iprt3d.c.o   -c /sdcc/u/fmohammad/PR_DNS_base/DNS/src/intfc/iprt3d.c
[ 42%] Building C object src/CMakeFiles/frontier.dir/intfc/iredist.c.o
cd /sdcc/u/fmohammad/PR_DNS_base/DNS/src && /hpcgpfs01/software/openmpi/4.1.1-gcc9.3.0/bin/mpicc  -I/sdcc/u/fmohammad/PR_DNS_base/DNS/src/front -I/sdcc/u/fmohammad/PR_DNS_base/DNS/src/intfc -I/sdcc/u/fmohammad/PR_DNS_base/DNS/src/util -I/sdcc/u/fmohammad/PR_DNS_base/DNS/src -I/sdcc/u/fmohammad/.conda/envs/pr-dns/include  -D__MPI__ -DUSE_HDF -D__GD__   -o CMakeFiles/frontier.dir/intfc/iredist.c.o   -c /sdcc/u/fmohammad/PR_DNS_base/DNS/src/intfc/iredist.c
[ 43%] Building C object src/CMakeFiles/frontier.dir/intfc/iredist_o2.c.o
cd /sdcc/u/fmohammad/PR_DNS_base/DNS/src && /hpcgpfs01/software/openmpi/4.1.1-gcc9.3.0/bin/mpicc  -I/sdcc/u/fmohammad/PR_DNS_base/DNS/src/front -I/sdcc/u/fmohammad/PR_DNS_base/DNS/src/intfc -I/sdcc/u/fmohammad/PR_DNS_base/DNS/src/util -I/sdcc/u/fmohammad/PR_DNS_base/DNS/src -I/sdcc/u/fmohammad/.conda/envs/pr-dns/include  -D__MPI__ -DUSE_HDF -D__GD__   -o CMakeFiles/frontier.dir/intfc/iredist_o2.c.o   -c /sdcc/u/fmohammad/PR_DNS_base/DNS/src/intfc/iredist_o2.c
[ 44%] Building C object src/CMakeFiles/frontier.dir/intfc/irefl.c.o
cd /sdcc/u/fmohammad/PR_DNS_base/DNS/src && /hpcgpfs01/software/openmpi/4.1.1-gcc9.3.0/bin/mpicc  -I/sdcc/u/fmohammad/PR_DNS_base/DNS/src/front -I/sdcc/u/fmohammad/PR_DNS_base/DNS/src/intfc -I/sdcc/u/fmohammad/PR_DNS_base/DNS/src/util -I/sdcc/u/fmohammad/PR_DNS_base/DNS/src -I/sdcc/u/fmohammad/.conda/envs/pr-dns/include  -D__MPI__ -DUSE_HDF -D__GD__   -o CMakeFiles/frontier.dir/intfc/irefl.c.o   -c /sdcc/u/fmohammad/PR_DNS_base/DNS/src/intfc/irefl.c
[ 44%] Building C object src/CMakeFiles/frontier.dir/intfc/iscatter.c.o
cd /sdcc/u/fmohammad/PR_DNS_base/DNS/src && /hpcgpfs01/software/openmpi/4.1.1-gcc9.3.0/bin/mpicc  -I/sdcc/u/fmohammad/PR_DNS_base/DNS/src/front -I/sdcc/u/fmohammad/PR_DNS_base/DNS/src/intfc -I/sdcc/u/fmohammad/PR_DNS_base/DNS/src/util -I/sdcc/u/fmohammad/PR_DNS_base/DNS/src -I/sdcc/u/fmohammad/.conda/envs/pr-dns/include  -D__MPI__ -DUSE_HDF -D__GD__   -o CMakeFiles/frontier.dir/intfc/iscatter.c.o   -c /sdcc/u/fmohammad/PR_DNS_base/DNS/src/intfc/iscatter.c
[ 45%] Building C object src/CMakeFiles/frontier.dir/intfc/isect2d.c.o
cd /sdcc/u/fmohammad/PR_DNS_base/DNS/src && /hpcgpfs01/software/openmpi/4.1.1-gcc9.3.0/bin/mpicc  -I/sdcc/u/fmohammad/PR_DNS_base/DNS/src/front -I/sdcc/u/fmohammad/PR_DNS_base/DNS/src/intfc -I/sdcc/u/fmohammad/PR_DNS_base/DNS/src/util -I/sdcc/u/fmohammad/PR_DNS_base/DNS/src -I/sdcc/u/fmohammad/.conda/envs/pr-dns/include  -D__MPI__ -DUSE_HDF -D__GD__   -o CMakeFiles/frontier.dir/intfc/isect2d.c.o   -c /sdcc/u/fmohammad/PR_DNS_base/DNS/src/intfc/isect2d.c
[ 46%] Building C object src/CMakeFiles/frontier.dir/intfc/isect3d.c.o
cd /sdcc/u/fmohammad/PR_DNS_base/DNS/src && /hpcgpfs01/software/openmpi/4.1.1-gcc9.3.0/bin/mpicc  -I/sdcc/u/fmohammad/PR_DNS_base/DNS/src/front -I/sdcc/u/fmohammad/PR_DNS_base/DNS/src/intfc -I/sdcc/u/fmohammad/PR_DNS_base/DNS/src/util -I/sdcc/u/fmohammad/PR_DNS_base/DNS/src -I/sdcc/u/fmohammad/.conda/envs/pr-dns/include  -D__MPI__ -DUSE_HDF -D__GD__   -o CMakeFiles/frontier.dir/intfc/isect3d.c.o   -c /sdcc/u/fmohammad/PR_DNS_base/DNS/src/intfc/isect3d.c
[ 46%] Building C object src/CMakeFiles/frontier.dir/intfc/isub.c.o
cd /sdcc/u/fmohammad/PR_DNS_base/DNS/src && /hpcgpfs01/software/openmpi/4.1.1-gcc9.3.0/bin/mpicc  -I/sdcc/u/fmohammad/PR_DNS_base/DNS/src/front -I/sdcc/u/fmohammad/PR_DNS_base/DNS/src/intfc -I/sdcc/u/fmohammad/PR_DNS_base/DNS/src/util -I/sdcc/u/fmohammad/PR_DNS_base/DNS/src -I/sdcc/u/fmohammad/.conda/envs/pr-dns/include  -D__MPI__ -DUSE_HDF -D__GD__   -o CMakeFiles/frontier.dir/intfc/isub.c.o   -c /sdcc/u/fmohammad/PR_DNS_base/DNS/src/intfc/isub.c
[ 47%] Building C object src/CMakeFiles/frontier.dir/intfc/isurgery.c.o
cd /sdcc/u/fmohammad/PR_DNS_base/DNS/src && /hpcgpfs01/software/openmpi/4.1.1-gcc9.3.0/bin/mpicc  -I/sdcc/u/fmohammad/PR_DNS_base/DNS/src/front -I/sdcc/u/fmohammad/PR_DNS_base/DNS/src/intfc -I/sdcc/u/fmohammad/PR_DNS_base/DNS/src/util -I/sdcc/u/fmohammad/PR_DNS_base/DNS/src -I/sdcc/u/fmohammad/.conda/envs/pr-dns/include  -D__MPI__ -DUSE_HDF -D__GD__   -o CMakeFiles/frontier.dir/intfc/isurgery.c.o   -c /sdcc/u/fmohammad/PR_DNS_base/DNS/src/intfc/isurgery.c
[ 48%] Building C object src/CMakeFiles/frontier.dir/intfc/itrisset.c.o
cd /sdcc/u/fmohammad/PR_DNS_base/DNS/src && /hpcgpfs01/software/openmpi/4.1.1-gcc9.3.0/bin/mpicc  -I/sdcc/u/fmohammad/PR_DNS_base/DNS/src/front -I/sdcc/u/fmohammad/PR_DNS_base/DNS/src/intfc -I/sdcc/u/fmohammad/PR_DNS_base/DNS/src/util -I/sdcc/u/fmohammad/PR_DNS_base/DNS/src -I/sdcc/u/fmohammad/.conda/envs/pr-dns/include  -D__MPI__ -DUSE_HDF -D__GD__   -o CMakeFiles/frontier.dir/intfc/itrisset.c.o   -c /sdcc/u/fmohammad/PR_DNS_base/DNS/src/intfc/itrisset.c
[ 48%] Building C object src/CMakeFiles/frontier.dir/intfc/iuserintfc.c.o
cd /sdcc/u/fmohammad/PR_DNS_base/DNS/src && /hpcgpfs01/software/openmpi/4.1.1-gcc9.3.0/bin/mpicc  -I/sdcc/u/fmohammad/PR_DNS_base/DNS/src/front -I/sdcc/u/fmohammad/PR_DNS_base/DNS/src/intfc -I/sdcc/u/fmohammad/PR_DNS_base/DNS/src/util -I/sdcc/u/fmohammad/PR_DNS_base/DNS/src -I/sdcc/u/fmohammad/.conda/envs/pr-dns/include  -D__MPI__ -DUSE_HDF -D__GD__   -o CMakeFiles/frontier.dir/intfc/iuserintfc.c.o   -c /sdcc/u/fmohammad/PR_DNS_base/DNS/src/intfc/iuserintfc.c
[ 49%] Building C object src/CMakeFiles/frontier.dir/intfc/iwallsurf.c.o
cd /sdcc/u/fmohammad/PR_DNS_base/DNS/src && /hpcgpfs01/software/openmpi/4.1.1-gcc9.3.0/bin/mpicc  -I/sdcc/u/fmohammad/PR_DNS_base/DNS/src/front -I/sdcc/u/fmohammad/PR_DNS_base/DNS/src/intfc -I/sdcc/u/fmohammad/PR_DNS_base/DNS/src/util -I/sdcc/u/fmohammad/PR_DNS_base/DNS/src -I/sdcc/u/fmohammad/.conda/envs/pr-dns/include  -D__MPI__ -DUSE_HDF -D__GD__   -o CMakeFiles/frontier.dir/intfc/iwallsurf.c.o   -c /sdcc/u/fmohammad/PR_DNS_base/DNS/src/intfc/iwallsurf.c
[ 50%] Building C object src/CMakeFiles/frontier.dir/intfc/ixgraph.c.o
cd /sdcc/u/fmohammad/PR_DNS_base/DNS/src && /hpcgpfs01/software/openmpi/4.1.1-gcc9.3.0/bin/mpicc  -I/sdcc/u/fmohammad/PR_DNS_base/DNS/src/front -I/sdcc/u/fmohammad/PR_DNS_base/DNS/src/intfc -I/sdcc/u/fmohammad/PR_DNS_base/DNS/src/util -I/sdcc/u/fmohammad/PR_DNS_base/DNS/src -I/sdcc/u/fmohammad/.conda/envs/pr-dns/include  -D__MPI__ -DUSE_HDF -D__GD__   -o CMakeFiles/frontier.dir/intfc/ixgraph.c.o   -c /sdcc/u/fmohammad/PR_DNS_base/DNS/src/intfc/ixgraph.c
[ 50%] Building C object src/CMakeFiles/frontier.dir/intfc/map.c.o
cd /sdcc/u/fmohammad/PR_DNS_base/DNS/src && /hpcgpfs01/software/openmpi/4.1.1-gcc9.3.0/bin/mpicc  -I/sdcc/u/fmohammad/PR_DNS_base/DNS/src/front -I/sdcc/u/fmohammad/PR_DNS_base/DNS/src/intfc -I/sdcc/u/fmohammad/PR_DNS_base/DNS/src/util -I/sdcc/u/fmohammad/PR_DNS_base/DNS/src -I/sdcc/u/fmohammad/.conda/envs/pr-dns/include  -D__MPI__ -DUSE_HDF -D__GD__   -o CMakeFiles/frontier.dir/intfc/map.c.o   -c /sdcc/u/fmohammad/PR_DNS_base/DNS/src/intfc/map.c
[ 51%] Building C object src/CMakeFiles/frontier.dir/intfc/ppcopy.c.o
cd /sdcc/u/fmohammad/PR_DNS_base/DNS/src && /hpcgpfs01/software/openmpi/4.1.1-gcc9.3.0/bin/mpicc  -I/sdcc/u/fmohammad/PR_DNS_base/DNS/src/front -I/sdcc/u/fmohammad/PR_DNS_base/DNS/src/intfc -I/sdcc/u/fmohammad/PR_DNS_base/DNS/src/util -I/sdcc/u/fmohammad/PR_DNS_base/DNS/src -I/sdcc/u/fmohammad/.conda/envs/pr-dns/include  -D__MPI__ -DUSE_HDF -D__GD__   -o CMakeFiles/frontier.dir/intfc/ppcopy.c.o   -c /sdcc/u/fmohammad/PR_DNS_base/DNS/src/intfc/ppcopy.c
[ 52%] Building C object src/CMakeFiles/frontier.dir/intfc/setb1d.c.o
cd /sdcc/u/fmohammad/PR_DNS_base/DNS/src && /hpcgpfs01/software/openmpi/4.1.1-gcc9.3.0/bin/mpicc  -I/sdcc/u/fmohammad/PR_DNS_base/DNS/src/front -I/sdcc/u/fmohammad/PR_DNS_base/DNS/src/intfc -I/sdcc/u/fmohammad/PR_DNS_base/DNS/src/util -I/sdcc/u/fmohammad/PR_DNS_base/DNS/src -I/sdcc/u/fmohammad/.conda/envs/pr-dns/include  -D__MPI__ -DUSE_HDF -D__GD__   -o CMakeFiles/frontier.dir/intfc/setb1d.c.o   -c /sdcc/u/fmohammad/PR_DNS_base/DNS/src/intfc/setb1d.c
[ 53%] Building C object src/CMakeFiles/frontier.dir/intfc/setb2d.c.o
cd /sdcc/u/fmohammad/PR_DNS_base/DNS/src && /hpcgpfs01/software/openmpi/4.1.1-gcc9.3.0/bin/mpicc  -I/sdcc/u/fmohammad/PR_DNS_base/DNS/src/front -I/sdcc/u/fmohammad/PR_DNS_base/DNS/src/intfc -I/sdcc/u/fmohammad/PR_DNS_base/DNS/src/util -I/sdcc/u/fmohammad/PR_DNS_base/DNS/src -I/sdcc/u/fmohammad/.conda/envs/pr-dns/include  -D__MPI__ -DUSE_HDF -D__GD__   -o CMakeFiles/frontier.dir/intfc/setb2d.c.o   -c /sdcc/u/fmohammad/PR_DNS_base/DNS/src/intfc/setb2d.c
[ 53%] Building C object src/CMakeFiles/frontier.dir/intfc/setb3d.c.o
cd /sdcc/u/fmohammad/PR_DNS_base/DNS/src && /hpcgpfs01/software/openmpi/4.1.1-gcc9.3.0/bin/mpicc  -I/sdcc/u/fmohammad/PR_DNS_base/DNS/src/front -I/sdcc/u/fmohammad/PR_DNS_base/DNS/src/intfc -I/sdcc/u/fmohammad/PR_DNS_base/DNS/src/util -I/sdcc/u/fmohammad/PR_DNS_base/DNS/src -I/sdcc/u/fmohammad/.conda/envs/pr-dns/include  -D__MPI__ -DUSE_HDF -D__GD__   -o CMakeFiles/frontier.dir/intfc/setb3d.c.o   -c /sdcc/u/fmohammad/PR_DNS_base/DNS/src/intfc/setb3d.c
[ 54%] Building C object src/CMakeFiles/frontier.dir/intfc/shift.c.o
cd /sdcc/u/fmohammad/PR_DNS_base/DNS/src && /hpcgpfs01/software/openmpi/4.1.1-gcc9.3.0/bin/mpicc  -I/sdcc/u/fmohammad/PR_DNS_base/DNS/src/front -I/sdcc/u/fmohammad/PR_DNS_base/DNS/src/intfc -I/sdcc/u/fmohammad/PR_DNS_base/DNS/src/util -I/sdcc/u/fmohammad/PR_DNS_base/DNS/src -I/sdcc/u/fmohammad/.conda/envs/pr-dns/include  -D__MPI__ -DUSE_HDF -D__GD__   -o CMakeFiles/frontier.dir/intfc/shift.c.o   -c /sdcc/u/fmohammad/PR_DNS_base/DNS/src/intfc/shift.c
[ 55%] Building C object src/CMakeFiles/frontier.dir/intfc/top.c.o
cd /sdcc/u/fmohammad/PR_DNS_base/DNS/src && /hpcgpfs01/software/openmpi/4.1.1-gcc9.3.0/bin/mpicc  -I/sdcc/u/fmohammad/PR_DNS_base/DNS/src/front -I/sdcc/u/fmohammad/PR_DNS_base/DNS/src/intfc -I/sdcc/u/fmohammad/PR_DNS_base/DNS/src/util -I/sdcc/u/fmohammad/PR_DNS_base/DNS/src -I/sdcc/u/fmohammad/.conda/envs/pr-dns/include  -D__MPI__ -DUSE_HDF -D__GD__   -o CMakeFiles/frontier.dir/intfc/top.c.o   -c /sdcc/u/fmohammad/PR_DNS_base/DNS/src/intfc/top.c
[ 55%] Building C object src/CMakeFiles/frontier.dir/intfc/triangle.c.o
cd /sdcc/u/fmohammad/PR_DNS_base/DNS/src && /hpcgpfs01/software/openmpi/4.1.1-gcc9.3.0/bin/mpicc  -I/sdcc/u/fmohammad/PR_DNS_base/DNS/src/front -I/sdcc/u/fmohammad/PR_DNS_base/DNS/src/intfc -I/sdcc/u/fmohammad/PR_DNS_base/DNS/src/util -I/sdcc/u/fmohammad/PR_DNS_base/DNS/src -I/sdcc/u/fmohammad/.conda/envs/pr-dns/include  -D__MPI__ -DUSE_HDF -D__GD__   -o CMakeFiles/frontier.dir/intfc/triangle.c.o   -c /sdcc/u/fmohammad/PR_DNS_base/DNS/src/intfc/triangle.c
[ 56%] Building C object src/CMakeFiles/frontier.dir/intfc/trisurf.c.o
cd /sdcc/u/fmohammad/PR_DNS_base/DNS/src && /hpcgpfs01/software/openmpi/4.1.1-gcc9.3.0/bin/mpicc  -I/sdcc/u/fmohammad/PR_DNS_base/DNS/src/front -I/sdcc/u/fmohammad/PR_DNS_base/DNS/src/intfc -I/sdcc/u/fmohammad/PR_DNS_base/DNS/src/util -I/sdcc/u/fmohammad/PR_DNS_base/DNS/src -I/sdcc/u/fmohammad/.conda/envs/pr-dns/include  -D__MPI__ -DUSE_HDF -D__GD__   -o CMakeFiles/frontier.dir/intfc/trisurf.c.o   -c /sdcc/u/fmohammad/PR_DNS_base/DNS/src/intfc/trisurf.c
[ 57%] Building C object src/CMakeFiles/frontier.dir/intfc/userhooks.c.o
cd /sdcc/u/fmohammad/PR_DNS_base/DNS/src && /hpcgpfs01/software/openmpi/4.1.1-gcc9.3.0/bin/mpicc  -I/sdcc/u/fmohammad/PR_DNS_base/DNS/src/front -I/sdcc/u/fmohammad/PR_DNS_base/DNS/src/intfc -I/sdcc/u/fmohammad/PR_DNS_base/DNS/src/util -I/sdcc/u/fmohammad/PR_DNS_base/DNS/src -I/sdcc/u/fmohammad/.conda/envs/pr-dns/include  -D__MPI__ -DUSE_HDF -D__GD__   -o CMakeFiles/frontier.dir/intfc/userhooks.c.o   -c /sdcc/u/fmohammad/PR_DNS_base/DNS/src/intfc/userhooks.c
[ 57%] Building C object src/CMakeFiles/frontier.dir/intfc/zoom.c.o
cd /sdcc/u/fmohammad/PR_DNS_base/DNS/src && /hpcgpfs01/software/openmpi/4.1.1-gcc9.3.0/bin/mpicc  -I/sdcc/u/fmohammad/PR_DNS_base/DNS/src/front -I/sdcc/u/fmohammad/PR_DNS_base/DNS/src/intfc -I/sdcc/u/fmohammad/PR_DNS_base/DNS/src/util -I/sdcc/u/fmohammad/PR_DNS_base/DNS/src -I/sdcc/u/fmohammad/.conda/envs/pr-dns/include  -D__MPI__ -DUSE_HDF -D__GD__   -o CMakeFiles/frontier.dir/intfc/zoom.c.o   -c /sdcc/u/fmohammad/PR_DNS_base/DNS/src/intfc/zoom.c
[ 58%] Building C object src/CMakeFiles/frontier.dir/util/cleanup.c.o
cd /sdcc/u/fmohammad/PR_DNS_base/DNS/src && /hpcgpfs01/software/openmpi/4.1.1-gcc9.3.0/bin/mpicc  -I/sdcc/u/fmohammad/PR_DNS_base/DNS/src/front -I/sdcc/u/fmohammad/PR_DNS_base/DNS/src/intfc -I/sdcc/u/fmohammad/PR_DNS_base/DNS/src/util -I/sdcc/u/fmohammad/PR_DNS_base/DNS/src -I/sdcc/u/fmohammad/.conda/envs/pr-dns/include  -D__MPI__ -DUSE_HDF -D__GD__   -o CMakeFiles/frontier.dir/util/cleanup.c.o   -c /sdcc/u/fmohammad/PR_DNS_base/DNS/src/util/cleanup.c
[ 59%] Building C object src/CMakeFiles/frontier.dir/util/debug.c.o
cd /sdcc/u/fmohammad/PR_DNS_base/DNS/src && /hpcgpfs01/software/openmpi/4.1.1-gcc9.3.0/bin/mpicc  -I/sdcc/u/fmohammad/PR_DNS_base/DNS/src/front -I/sdcc/u/fmohammad/PR_DNS_base/DNS/src/intfc -I/sdcc/u/fmohammad/PR_DNS_base/DNS/src/util -I/sdcc/u/fmohammad/PR_DNS_base/DNS/src -I/sdcc/u/fmohammad/.conda/envs/pr-dns/include  -D__MPI__ -DUSE_HDF -D__GD__   -o CMakeFiles/frontier.dir/util/debug.c.o   -c /sdcc/u/fmohammad/PR_DNS_base/DNS/src/util/debug.c
[ 60%] Building C object src/CMakeFiles/frontier.dir/util/error.c.o
cd /sdcc/u/fmohammad/PR_DNS_base/DNS/src && /hpcgpfs01/software/openmpi/4.1.1-gcc9.3.0/bin/mpicc  -I/sdcc/u/fmohammad/PR_DNS_base/DNS/src/front -I/sdcc/u/fmohammad/PR_DNS_base/DNS/src/intfc -I/sdcc/u/fmohammad/PR_DNS_base/DNS/src/util -I/sdcc/u/fmohammad/PR_DNS_base/DNS/src -I/sdcc/u/fmohammad/.conda/envs/pr-dns/include  -D__MPI__ -DUSE_HDF -D__GD__   -o CMakeFiles/frontier.dir/util/error.c.o   -c /sdcc/u/fmohammad/PR_DNS_base/DNS/src/util/error.c
[ 60%] Building C object src/CMakeFiles/frontier.dir/util/fft.c.o
cd /sdcc/u/fmohammad/PR_DNS_base/DNS/src && /hpcgpfs01/software/openmpi/4.1.1-gcc9.3.0/bin/mpicc  -I/sdcc/u/fmohammad/PR_DNS_base/DNS/src/front -I/sdcc/u/fmohammad/PR_DNS_base/DNS/src/intfc -I/sdcc/u/fmohammad/PR_DNS_base/DNS/src/util -I/sdcc/u/fmohammad/PR_DNS_base/DNS/src -I/sdcc/u/fmohammad/.conda/envs/pr-dns/include  -D__MPI__ -DUSE_HDF -D__GD__   -o CMakeFiles/frontier.dir/util/fft.c.o   -c /sdcc/u/fmohammad/PR_DNS_base/DNS/src/util/fft.c
[ 61%] Building C object src/CMakeFiles/frontier.dir/util/fgetstrin.c.o
cd /sdcc/u/fmohammad/PR_DNS_base/DNS/src && /hpcgpfs01/software/openmpi/4.1.1-gcc9.3.0/bin/mpicc  -I/sdcc/u/fmohammad/PR_DNS_base/DNS/src/front -I/sdcc/u/fmohammad/PR_DNS_base/DNS/src/intfc -I/sdcc/u/fmohammad/PR_DNS_base/DNS/src/util -I/sdcc/u/fmohammad/PR_DNS_base/DNS/src -I/sdcc/u/fmohammad/.conda/envs/pr-dns/include  -D__MPI__ -DUSE_HDF -D__GD__   -o CMakeFiles/frontier.dir/util/fgetstrin.c.o   -c /sdcc/u/fmohammad/PR_DNS_base/DNS/src/util/fgetstrin.c
[ 62%] Building C object src/CMakeFiles/frontier.dir/util/fsort.c.o
cd /sdcc/u/fmohammad/PR_DNS_base/DNS/src && /hpcgpfs01/software/openmpi/4.1.1-gcc9.3.0/bin/mpicc  -I/sdcc/u/fmohammad/PR_DNS_base/DNS/src/front -I/sdcc/u/fmohammad/PR_DNS_base/DNS/src/intfc -I/sdcc/u/fmohammad/PR_DNS_base/DNS/src/util -I/sdcc/u/fmohammad/PR_DNS_base/DNS/src -I/sdcc/u/fmohammad/.conda/envs/pr-dns/include  -D__MPI__ -DUSE_HDF -D__GD__   -o CMakeFiles/frontier.dir/util/fsort.c.o   -c /sdcc/u/fmohammad/PR_DNS_base/DNS/src/util/fsort.c
[ 62%] Building C object src/CMakeFiles/frontier.dir/util/machine.c.o
cd /sdcc/u/fmohammad/PR_DNS_base/DNS/src && /hpcgpfs01/software/openmpi/4.1.1-gcc9.3.0/bin/mpicc  -I/sdcc/u/fmohammad/PR_DNS_base/DNS/src/front -I/sdcc/u/fmohammad/PR_DNS_base/DNS/src/intfc -I/sdcc/u/fmohammad/PR_DNS_base/DNS/src/util -I/sdcc/u/fmohammad/PR_DNS_base/DNS/src -I/sdcc/u/fmohammad/.conda/envs/pr-dns/include  -D__MPI__ -DUSE_HDF -D__GD__   -o CMakeFiles/frontier.dir/util/machine.c.o   -c /sdcc/u/fmohammad/PR_DNS_base/DNS/src/util/machine.c
[ 63%] Building C object src/CMakeFiles/frontier.dir/util/matrix.c.o
cd /sdcc/u/fmohammad/PR_DNS_base/DNS/src && /hpcgpfs01/software/openmpi/4.1.1-gcc9.3.0/bin/mpicc  -I/sdcc/u/fmohammad/PR_DNS_base/DNS/src/front -I/sdcc/u/fmohammad/PR_DNS_base/DNS/src/intfc -I/sdcc/u/fmohammad/PR_DNS_base/DNS/src/util -I/sdcc/u/fmohammad/PR_DNS_base/DNS/src -I/sdcc/u/fmohammad/.conda/envs/pr-dns/include  -D__MPI__ -DUSE_HDF -D__GD__   -o CMakeFiles/frontier.dir/util/matrix.c.o   -c /sdcc/u/fmohammad/PR_DNS_base/DNS/src/util/matrix.c
[ 64%] Building C object src/CMakeFiles/frontier.dir/util/other.c.o
cd /sdcc/u/fmohammad/PR_DNS_base/DNS/src && /hpcgpfs01/software/openmpi/4.1.1-gcc9.3.0/bin/mpicc  -I/sdcc/u/fmohammad/PR_DNS_base/DNS/src/front -I/sdcc/u/fmohammad/PR_DNS_base/DNS/src/intfc -I/sdcc/u/fmohammad/PR_DNS_base/DNS/src/util -I/sdcc/u/fmohammad/PR_DNS_base/DNS/src -I/sdcc/u/fmohammad/.conda/envs/pr-dns/include  -D__MPI__ -DUSE_HDF -D__GD__   -o CMakeFiles/frontier.dir/util/other.c.o   -c /sdcc/u/fmohammad/PR_DNS_base/DNS/src/util/other.c
[ 64%] Building C object src/CMakeFiles/frontier.dir/util/output.c.o
cd /sdcc/u/fmohammad/PR_DNS_base/DNS/src && /hpcgpfs01/software/openmpi/4.1.1-gcc9.3.0/bin/mpicc  -I/sdcc/u/fmohammad/PR_DNS_base/DNS/src/front -I/sdcc/u/fmohammad/PR_DNS_base/DNS/src/intfc -I/sdcc/u/fmohammad/PR_DNS_base/DNS/src/util -I/sdcc/u/fmohammad/PR_DNS_base/DNS/src -I/sdcc/u/fmohammad/.conda/envs/pr-dns/include  -D__MPI__ -DUSE_HDF -D__GD__   -o CMakeFiles/frontier.dir/util/output.c.o   -c /sdcc/u/fmohammad/PR_DNS_base/DNS/src/util/output.c
[ 65%] Building C object src/CMakeFiles/frontier.dir/util/ppsub.c.o
cd /sdcc/u/fmohammad/PR_DNS_base/DNS/src && /hpcgpfs01/software/openmpi/4.1.1-gcc9.3.0/bin/mpicc  -I/sdcc/u/fmohammad/PR_DNS_base/DNS/src/front -I/sdcc/u/fmohammad/PR_DNS_base/DNS/src/intfc -I/sdcc/u/fmohammad/PR_DNS_base/DNS/src/util -I/sdcc/u/fmohammad/PR_DNS_base/DNS/src -I/sdcc/u/fmohammad/.conda/envs/pr-dns/include  -D__MPI__ -DUSE_HDF -D__GD__   -o CMakeFiles/frontier.dir/util/ppsub.c.o   -c /sdcc/u/fmohammad/PR_DNS_base/DNS/src/util/ppsub.c
[ 66%] Building C object src/CMakeFiles/frontier.dir/util/quad.c.o
cd /sdcc/u/fmohammad/PR_DNS_base/DNS/src && /hpcgpfs01/software/openmpi/4.1.1-gcc9.3.0/bin/mpicc  -I/sdcc/u/fmohammad/PR_DNS_base/DNS/src/front -I/sdcc/u/fmohammad/PR_DNS_base/DNS/src/intfc -I/sdcc/u/fmohammad/PR_DNS_base/DNS/src/util -I/sdcc/u/fmohammad/PR_DNS_base/DNS/src -I/sdcc/u/fmohammad/.conda/envs/pr-dns/include  -D__MPI__ -DUSE_HDF -D__GD__   -o CMakeFiles/frontier.dir/util/quad.c.o   -c /sdcc/u/fmohammad/PR_DNS_base/DNS/src/util/quad.c
[ 66%] Building C object src/CMakeFiles/frontier.dir/util/random.c.o
cd /sdcc/u/fmohammad/PR_DNS_base/DNS/src && /hpcgpfs01/software/openmpi/4.1.1-gcc9.3.0/bin/mpicc  -I/sdcc/u/fmohammad/PR_DNS_base/DNS/src/front -I/sdcc/u/fmohammad/PR_DNS_base/DNS/src/intfc -I/sdcc/u/fmohammad/PR_DNS_base/DNS/src/util -I/sdcc/u/fmohammad/PR_DNS_base/DNS/src -I/sdcc/u/fmohammad/.conda/envs/pr-dns/include  -D__MPI__ -DUSE_HDF -D__GD__   -o CMakeFiles/frontier.dir/util/random.c.o   -c /sdcc/u/fmohammad/PR_DNS_base/DNS/src/util/random.c
[ 67%] Building C object src/CMakeFiles/frontier.dir/util/roots.c.o
cd /sdcc/u/fmohammad/PR_DNS_base/DNS/src && /hpcgpfs01/software/openmpi/4.1.1-gcc9.3.0/bin/mpicc  -I/sdcc/u/fmohammad/PR_DNS_base/DNS/src/front -I/sdcc/u/fmohammad/PR_DNS_base/DNS/src/intfc -I/sdcc/u/fmohammad/PR_DNS_base/DNS/src/util -I/sdcc/u/fmohammad/PR_DNS_base/DNS/src -I/sdcc/u/fmohammad/.conda/envs/pr-dns/include  -D__MPI__ -DUSE_HDF -D__GD__   -o CMakeFiles/frontier.dir/util/roots.c.o   -c /sdcc/u/fmohammad/PR_DNS_base/DNS/src/util/roots.c
[ 68%] Building C object src/CMakeFiles/frontier.dir/util/runga.c.o
cd /sdcc/u/fmohammad/PR_DNS_base/DNS/src && /hpcgpfs01/software/openmpi/4.1.1-gcc9.3.0/bin/mpicc  -I/sdcc/u/fmohammad/PR_DNS_base/DNS/src/front -I/sdcc/u/fmohammad/PR_DNS_base/DNS/src/intfc -I/sdcc/u/fmohammad/PR_DNS_base/DNS/src/util -I/sdcc/u/fmohammad/PR_DNS_base/DNS/src -I/sdcc/u/fmohammad/.conda/envs/pr-dns/include  -D__MPI__ -DUSE_HDF -D__GD__   -o CMakeFiles/frontier.dir/util/runga.c.o   -c /sdcc/u/fmohammad/PR_DNS_base/DNS/src/util/runga.c
[ 69%] Building C object src/CMakeFiles/frontier.dir/util/screen.c.o
cd /sdcc/u/fmohammad/PR_DNS_base/DNS/src && /hpcgpfs01/software/openmpi/4.1.1-gcc9.3.0/bin/mpicc  -I/sdcc/u/fmohammad/PR_DNS_base/DNS/src/front -I/sdcc/u/fmohammad/PR_DNS_base/DNS/src/intfc -I/sdcc/u/fmohammad/PR_DNS_base/DNS/src/util -I/sdcc/u/fmohammad/PR_DNS_base/DNS/src -I/sdcc/u/fmohammad/.conda/envs/pr-dns/include  -D__MPI__ -DUSE_HDF -D__GD__   -o CMakeFiles/frontier.dir/util/screen.c.o   -c /sdcc/u/fmohammad/PR_DNS_base/DNS/src/util/screen.c
[ 69%] Building C object src/CMakeFiles/frontier.dir/util/sigplot.c.o
cd /sdcc/u/fmohammad/PR_DNS_base/DNS/src && /hpcgpfs01/software/openmpi/4.1.1-gcc9.3.0/bin/mpicc  -I/sdcc/u/fmohammad/PR_DNS_base/DNS/src/front -I/sdcc/u/fmohammad/PR_DNS_base/DNS/src/intfc -I/sdcc/u/fmohammad/PR_DNS_base/DNS/src/util -I/sdcc/u/fmohammad/PR_DNS_base/DNS/src -I/sdcc/u/fmohammad/.conda/envs/pr-dns/include  -D__MPI__ -DUSE_HDF -D__GD__   -o CMakeFiles/frontier.dir/util/sigplot.c.o   -c /sdcc/u/fmohammad/PR_DNS_base/DNS/src/util/sigplot.c
[ 70%] Building C object src/CMakeFiles/frontier.dir/util/simpleio.c.o
cd /sdcc/u/fmohammad/PR_DNS_base/DNS/src && /hpcgpfs01/software/openmpi/4.1.1-gcc9.3.0/bin/mpicc  -I/sdcc/u/fmohammad/PR_DNS_base/DNS/src/front -I/sdcc/u/fmohammad/PR_DNS_base/DNS/src/intfc -I/sdcc/u/fmohammad/PR_DNS_base/DNS/src/util -I/sdcc/u/fmohammad/PR_DNS_base/DNS/src -I/sdcc/u/fmohammad/.conda/envs/pr-dns/include  -D__MPI__ -DUSE_HDF -D__GD__   -o CMakeFiles/frontier.dir/util/simpleio.c.o   -c /sdcc/u/fmohammad/PR_DNS_base/DNS/src/util/simpleio.c
[ 71%] Building C object src/CMakeFiles/frontier.dir/util/sphhar.c.o
cd /sdcc/u/fmohammad/PR_DNS_base/DNS/src && /hpcgpfs01/software/openmpi/4.1.1-gcc9.3.0/bin/mpicc  -I/sdcc/u/fmohammad/PR_DNS_base/DNS/src/front -I/sdcc/u/fmohammad/PR_DNS_base/DNS/src/intfc -I/sdcc/u/fmohammad/PR_DNS_base/DNS/src/util -I/sdcc/u/fmohammad/PR_DNS_base/DNS/src -I/sdcc/u/fmohammad/.conda/envs/pr-dns/include  -D__MPI__ -DUSE_HDF -D__GD__   -o CMakeFiles/frontier.dir/util/sphhar.c.o   -c /sdcc/u/fmohammad/PR_DNS_base/DNS/src/util/sphhar.c
[ 71%] Building C object src/CMakeFiles/frontier.dir/util/times.c.o
cd /sdcc/u/fmohammad/PR_DNS_base/DNS/src && /hpcgpfs01/software/openmpi/4.1.1-gcc9.3.0/bin/mpicc  -I/sdcc/u/fmohammad/PR_DNS_base/DNS/src/front -I/sdcc/u/fmohammad/PR_DNS_base/DNS/src/intfc -I/sdcc/u/fmohammad/PR_DNS_base/DNS/src/util -I/sdcc/u/fmohammad/PR_DNS_base/DNS/src -I/sdcc/u/fmohammad/.conda/envs/pr-dns/include  -D__MPI__ -DUSE_HDF -D__GD__   -o CMakeFiles/frontier.dir/util/times.c.o   -c /sdcc/u/fmohammad/PR_DNS_base/DNS/src/util/times.c
[ 72%] Building C object src/CMakeFiles/frontier.dir/util/uinit.c.o
cd /sdcc/u/fmohammad/PR_DNS_base/DNS/src && /hpcgpfs01/software/openmpi/4.1.1-gcc9.3.0/bin/mpicc  -I/sdcc/u/fmohammad/PR_DNS_base/DNS/src/front -I/sdcc/u/fmohammad/PR_DNS_base/DNS/src/intfc -I/sdcc/u/fmohammad/PR_DNS_base/DNS/src/util -I/sdcc/u/fmohammad/PR_DNS_base/DNS/src -I/sdcc/u/fmohammad/.conda/envs/pr-dns/include  -D__MPI__ -DUSE_HDF -D__GD__   -o CMakeFiles/frontier.dir/util/uinit.c.o   -c /sdcc/u/fmohammad/PR_DNS_base/DNS/src/util/uinit.c
[ 73%] Building C object src/CMakeFiles/frontier.dir/util/umap.c.o
cd /sdcc/u/fmohammad/PR_DNS_base/DNS/src && /hpcgpfs01/software/openmpi/4.1.1-gcc9.3.0/bin/mpicc  -I/sdcc/u/fmohammad/PR_DNS_base/DNS/src/front -I/sdcc/u/fmohammad/PR_DNS_base/DNS/src/intfc -I/sdcc/u/fmohammad/PR_DNS_base/DNS/src/util -I/sdcc/u/fmohammad/PR_DNS_base/DNS/src -I/sdcc/u/fmohammad/.conda/envs/pr-dns/include  -D__MPI__ -DUSE_HDF -D__GD__   -o CMakeFiles/frontier.dir/util/umap.c.o   -c /sdcc/u/fmohammad/PR_DNS_base/DNS/src/util/umap.c
[ 73%] Building C object src/CMakeFiles/frontier.dir/util/vectormalloc.c.o
cd /sdcc/u/fmohammad/PR_DNS_base/DNS/src && /hpcgpfs01/software/openmpi/4.1.1-gcc9.3.0/bin/mpicc  -I/sdcc/u/fmohammad/PR_DNS_base/DNS/src/front -I/sdcc/u/fmohammad/PR_DNS_base/DNS/src/intfc -I/sdcc/u/fmohammad/PR_DNS_base/DNS/src/util -I/sdcc/u/fmohammad/PR_DNS_base/DNS/src -I/sdcc/u/fmohammad/.conda/envs/pr-dns/include  -D__MPI__ -DUSE_HDF -D__GD__   -o CMakeFiles/frontier.dir/util/vectormalloc.c.o   -c /sdcc/u/fmohammad/PR_DNS_base/DNS/src/util/vectormalloc.c
[ 74%] Building C object src/CMakeFiles/frontier.dir/util/vtk.c.o
cd /sdcc/u/fmohammad/PR_DNS_base/DNS/src && /hpcgpfs01/software/openmpi/4.1.1-gcc9.3.0/bin/mpicc  -I/sdcc/u/fmohammad/PR_DNS_base/DNS/src/front -I/sdcc/u/fmohammad/PR_DNS_base/DNS/src/intfc -I/sdcc/u/fmohammad/PR_DNS_base/DNS/src/util -I/sdcc/u/fmohammad/PR_DNS_base/DNS/src -I/sdcc/u/fmohammad/.conda/envs/pr-dns/include  -D__MPI__ -DUSE_HDF -D__GD__   -o CMakeFiles/frontier.dir/util/vtk.c.o   -c /sdcc/u/fmohammad/PR_DNS_base/DNS/src/util/vtk.c
[ 75%] Linking C static library libfrontier.a
cd /sdcc/u/fmohammad/PR_DNS_base/DNS/src && /hpcgpfs01/software/cmake/3.16.2/bin/cmake -P CMakeFiles/frontier.dir/cmake_clean_target.cmake
cd /sdcc/u/fmohammad/PR_DNS_base/DNS/src && /hpcgpfs01/software/cmake/3.16.2/bin/cmake -E cmake_link_script CMakeFiles/frontier.dir/link.txt --verbose=1
/usr/bin/ar qc libfrontier.a  CMakeFiles/frontier.dir/front/fadv.c.o CMakeFiles/frontier.dir/front/fadv3d.c.o CMakeFiles/frontier.dir/front/fbdry1.c.o CMakeFiles/frontier.dir/front/fbdry2.c.o CMakeFiles/frontier.dir/front/fbdry3.c.o CMakeFiles/frontier.dir/front/fbdry4.c.o CMakeFiles/frontier.dir/front/fcheck3d.c.o CMakeFiles/frontier.dir/front/fcorrspnd.c.o CMakeFiles/frontier.dir/front/fcrosscur.c.o CMakeFiles/frontier.dir/front/fcrossext.c.o CMakeFiles/frontier.dir/front/fcrstatus.c.o CMakeFiles/frontier.dir/front/fdiagnostic.c.o CMakeFiles/frontier.dir/front/fgb2d.c.o CMakeFiles/frontier.dir/front/fgb3comp.c.o CMakeFiles/frontier.dir/front/fgb3d.c.o CMakeFiles/frontier.dir/front/fgb3dutil.c.o CMakeFiles/frontier.dir/front/fgrid.c.o CMakeFiles/frontier.dir/front/finit.c.o CMakeFiles/frontier.dir/front/fint.c.o CMakeFiles/frontier.dir/front/fmap.c.o CMakeFiles/frontier.dir/front/fmap2.c.o CMakeFiles/frontier.dir/front/fnode.c.o CMakeFiles/frontier.dir/front/fnodesub.c.o CMakeFiles/frontier.dir/front/fpatch3d.c.o CMakeFiles/frontier.dir/front/fprint.c.o CMakeFiles/frontier.dir/front/fprop2d.c.o CMakeFiles/frontier.dir/front/fprop3d.c.o CMakeFiles/frontier.dir/front/fredist.c.o CMakeFiles/frontier.dir/front/fredist1d.c.o CMakeFiles/frontier.dir/front/fredist2d.c.o CMakeFiles/frontier.dir/front/fredist3d.c.o CMakeFiles/frontier.dir/front/frp1.c.o CMakeFiles/frontier.dir/front/frp2.c.o CMakeFiles/frontier.dir/front/fscat1d.c.o CMakeFiles/frontier.dir/front/fscat2d.c.o CMakeFiles/frontier.dir/front/fscat3d1.c.o CMakeFiles/frontier.dir/front/fscat3d2.c.o CMakeFiles/frontier.dir/front/fscat3d3.c.o CMakeFiles/frontier.dir/front/fscatter.c.o CMakeFiles/frontier.dir/front/fstate.c.o CMakeFiles/frontier.dir/front/fstate2d.c.o CMakeFiles/frontier.dir/front/fsub.c.o CMakeFiles/frontier.dir/front/ftop.c.o CMakeFiles/frontier.dir/front/funtan2d.c.o CMakeFiles/frontier.dir/front/funtan3d.c.o CMakeFiles/frontier.dir/front/fuserhooks.c.o CMakeFiles/frontier.dir/front/fuserintfc.c.o CMakeFiles/frontier.dir/front/fvelo.c.o CMakeFiles/frontier.dir/front/testfront.c.o CMakeFiles/frontier.dir/intfc/arrayutils.c.o CMakeFiles/frontier.dir/intfc/comp.c.o CMakeFiles/frontier.dir/intfc/comp1d.c.o CMakeFiles/frontier.dir/intfc/comp2d.c.o CMakeFiles/frontier.dir/intfc/comp3d.c.o CMakeFiles/frontier.dir/intfc/cross2d.c.o CMakeFiles/frontier.dir/intfc/geomutils.c.o CMakeFiles/frontier.dir/intfc/iMesh.c.o CMakeFiles/frontier.dir/intfc/iMeshP.c.o CMakeFiles/frontier.dir/intfc/iblkb.c.o CMakeFiles/frontier.dir/intfc/iblkc2.c.o CMakeFiles/frontier.dir/intfc/iblkc3.c.o CMakeFiles/frontier.dir/intfc/icheck3d.c.o CMakeFiles/frontier.dir/intfc/idiagnostic.c.o CMakeFiles/frontier.dir/intfc/iecomps.c.o CMakeFiles/frontier.dir/intfc/ifourier.c.o CMakeFiles/frontier.dir/intfc/igrid.c.o CMakeFiles/frontier.dir/intfc/igview.c.o CMakeFiles/frontier.dir/intfc/imap.c.o CMakeFiles/frontier.dir/intfc/imkcurve.c.o CMakeFiles/frontier.dir/intfc/imksurf.c.o CMakeFiles/frontier.dir/intfc/int3d.c.o CMakeFiles/frontier.dir/intfc/intfc.c.o CMakeFiles/frontier.dir/intfc/iprt3d.c.o CMakeFiles/frontier.dir/intfc/iredist.c.o CMakeFiles/frontier.dir/intfc/iredist_o2.c.o CMakeFiles/frontier.dir/intfc/irefl.c.o CMakeFiles/frontier.dir/intfc/iscatter.c.o CMakeFiles/frontier.dir/intfc/isect2d.c.o CMakeFiles/frontier.dir/intfc/isect3d.c.o CMakeFiles/frontier.dir/intfc/isub.c.o CMakeFiles/frontier.dir/intfc/isurgery.c.o CMakeFiles/frontier.dir/intfc/itrisset.c.o CMakeFiles/frontier.dir/intfc/iuserintfc.c.o CMakeFiles/frontier.dir/intfc/iwallsurf.c.o CMakeFiles/frontier.dir/intfc/ixgraph.c.o CMakeFiles/frontier.dir/intfc/map.c.o CMakeFiles/frontier.dir/intfc/ppcopy.c.o CMakeFiles/frontier.dir/intfc/setb1d.c.o CMakeFiles/frontier.dir/intfc/setb2d.c.o CMakeFiles/frontier.dir/intfc/setb3d.c.o CMakeFiles/frontier.dir/intfc/shift.c.o CMakeFiles/frontier.dir/intfc/top.c.o CMakeFiles/frontier.dir/intfc/triangle.c.o CMakeFiles/frontier.dir/intfc/trisurf.c.o CMakeFiles/frontier.dir/intfc/userhooks.c.o CMakeFiles/frontier.dir/intfc/zoom.c.o CMakeFiles/frontier.dir/util/cleanup.c.o CMakeFiles/frontier.dir/util/debug.c.o CMakeFiles/frontier.dir/util/error.c.o CMakeFiles/frontier.dir/util/fft.c.o CMakeFiles/frontier.dir/util/fgetstrin.c.o CMakeFiles/frontier.dir/util/fsort.c.o CMakeFiles/frontier.dir/util/machine.c.o CMakeFiles/frontier.dir/util/matrix.c.o CMakeFiles/frontier.dir/util/other.c.o CMakeFiles/frontier.dir/util/output.c.o CMakeFiles/frontier.dir/util/ppsub.c.o CMakeFiles/frontier.dir/util/quad.c.o CMakeFiles/frontier.dir/util/random.c.o CMakeFiles/frontier.dir/util/roots.c.o CMakeFiles/frontier.dir/util/runga.c.o CMakeFiles/frontier.dir/util/screen.c.o CMakeFiles/frontier.dir/util/sigplot.c.o CMakeFiles/frontier.dir/util/simpleio.c.o CMakeFiles/frontier.dir/util/sphhar.c.o CMakeFiles/frontier.dir/util/times.c.o CMakeFiles/frontier.dir/util/uinit.c.o CMakeFiles/frontier.dir/util/umap.c.o CMakeFiles/frontier.dir/util/vectormalloc.c.o CMakeFiles/frontier.dir/util/vtk.c.o
/usr/bin/ranlib libfrontier.a
make[2]: Leaving directory '/direct/sdcc+u/fmohammad/PR_DNS_base/DNS'
[ 84%] Built target frontier
make -f solver/CMakeFiles/solver.dir/build.make solver/CMakeFiles/solver.dir/depend
make[2]: Entering directory '/direct/sdcc+u/fmohammad/PR_DNS_base/DNS'
cd /sdcc/u/fmohammad/PR_DNS_base/DNS && /hpcgpfs01/software/cmake/3.16.2/bin/cmake -E cmake_depends "Unix Makefiles" /sdcc/u/fmohammad/PR_DNS_base/DNS /sdcc/u/fmohammad/PR_DNS_base/DNS/solver /sdcc/u/fmohammad/PR_DNS_base/DNS /sdcc/u/fmohammad/PR_DNS_base/DNS/solver /sdcc/u/fmohammad/PR_DNS_base/DNS/solver/CMakeFiles/solver.dir/DependInfo.cmake --color=
Dependee "/sdcc/u/fmohammad/PR_DNS_base/DNS/solver/CMakeFiles/solver.dir/DependInfo.cmake" is newer than depender "/sdcc/u/fmohammad/PR_DNS_base/DNS/solver/CMakeFiles/solver.dir/depend.internal".
Dependee "/sdcc/u/fmohammad/PR_DNS_base/DNS/solver/CMakeFiles/CMakeDirectoryInformation.cmake" is newer than depender "/sdcc/u/fmohammad/PR_DNS_base/DNS/solver/CMakeFiles/solver.dir/depend.internal".
Scanning dependencies of target solver
make[2]: Leaving directory '/direct/sdcc+u/fmohammad/PR_DNS_base/DNS'
make -f solver/CMakeFiles/solver.dir/build.make solver/CMakeFiles/solver.dir/build
make[2]: Entering directory '/direct/sdcc+u/fmohammad/PR_DNS_base/DNS'
[ 85%] Building CXX object solver/CMakeFiles/solver.dir/cim_ellip.cpp.o
cd /sdcc/u/fmohammad/PR_DNS_base/DNS/solver && /hpcgpfs01/software/openmpi/4.1.1-gcc9.3.0/bin/mpic++   -I/sdcc/u/fmohammad/PR_DNS_base/DNS/src/front -I/sdcc/u/fmohammad/PR_DNS_base/DNS/src/intfc -I/sdcc/u/fmohammad/PR_DNS_base/DNS/src/util -I/sdcc/u/fmohammad/PR_DNS_base/DNS/src -I/sdcc/u/fmohammad/.conda/envs/pr-dns/include  -fopenmp -ljpeg -D__MPI__ -D__HYPRE__   -o CMakeFiles/solver.dir/cim_ellip.cpp.o -c /sdcc/u/fmohammad/PR_DNS_base/DNS/solver/cim_ellip.cpp
[ 85%] Building CXX object solver/CMakeFiles/solver.dir/cim_parab.cpp.o
cd /sdcc/u/fmohammad/PR_DNS_base/DNS/solver && /hpcgpfs01/software/openmpi/4.1.1-gcc9.3.0/bin/mpic++   -I/sdcc/u/fmohammad/PR_DNS_base/DNS/src/front -I/sdcc/u/fmohammad/PR_DNS_base/DNS/src/intfc -I/sdcc/u/fmohammad/PR_DNS_base/DNS/src/util -I/sdcc/u/fmohammad/PR_DNS_base/DNS/src -I/sdcc/u/fmohammad/.conda/envs/pr-dns/include  -fopenmp -ljpeg -D__MPI__ -D__HYPRE__   -o CMakeFiles/solver.dir/cim_parab.cpp.o -c /sdcc/u/fmohammad/PR_DNS_base/DNS/solver/cim_parab.cpp
[ 86%] Building CXX object solver/CMakeFiles/solver.dir/dual_ellip.cpp.o
cd /sdcc/u/fmohammad/PR_DNS_base/DNS/solver && /hpcgpfs01/software/openmpi/4.1.1-gcc9.3.0/bin/mpic++   -I/sdcc/u/fmohammad/PR_DNS_base/DNS/src/front -I/sdcc/u/fmohammad/PR_DNS_base/DNS/src/intfc -I/sdcc/u/fmohammad/PR_DNS_base/DNS/src/util -I/sdcc/u/fmohammad/PR_DNS_base/DNS/src -I/sdcc/u/fmohammad/.conda/envs/pr-dns/include  -fopenmp -ljpeg -D__MPI__ -D__HYPRE__   -o CMakeFiles/solver.dir/dual_ellip.cpp.o -c /sdcc/u/fmohammad/PR_DNS_base/DNS/solver/dual_ellip.cpp
[ 87%] Building CXX object solver/CMakeFiles/solver.dir/ellip.cpp.o
cd /sdcc/u/fmohammad/PR_DNS_base/DNS/solver && /hpcgpfs01/software/openmpi/4.1.1-gcc9.3.0/bin/mpic++   -I/sdcc/u/fmohammad/PR_DNS_base/DNS/src/front -I/sdcc/u/fmohammad/PR_DNS_base/DNS/src/intfc -I/sdcc/u/fmohammad/PR_DNS_base/DNS/src/util -I/sdcc/u/fmohammad/PR_DNS_base/DNS/src -I/sdcc/u/fmohammad/.conda/envs/pr-dns/include  -fopenmp -ljpeg -D__MPI__ -D__HYPRE__   -o CMakeFiles/solver.dir/ellip.cpp.o -c /sdcc/u/fmohammad/PR_DNS_base/DNS/solver/ellip.cpp
[ 87%] Building CXX object solver/CMakeFiles/solver.dir/hyperb.cpp.o
cd /sdcc/u/fmohammad/PR_DNS_base/DNS/solver && /hpcgpfs01/software/openmpi/4.1.1-gcc9.3.0/bin/mpic++   -I/sdcc/u/fmohammad/PR_DNS_base/DNS/src/front -I/sdcc/u/fmohammad/PR_DNS_base/DNS/src/intfc -I/sdcc/u/fmohammad/PR_DNS_base/DNS/src/util -I/sdcc/u/fmohammad/PR_DNS_base/DNS/src -I/sdcc/u/fmohammad/.conda/envs/pr-dns/include  -fopenmp -ljpeg -D__MPI__ -D__HYPRE__   -o CMakeFiles/solver.dir/hyperb.cpp.o -c /sdcc/u/fmohammad/PR_DNS_base/DNS/solver/hyperb.cpp
[ 88%] Building CXX object solver/CMakeFiles/solver.dir/parab.cpp.o
cd /sdcc/u/fmohammad/PR_DNS_base/DNS/solver && /hpcgpfs01/software/openmpi/4.1.1-gcc9.3.0/bin/mpic++   -I/sdcc/u/fmohammad/PR_DNS_base/DNS/src/front -I/sdcc/u/fmohammad/PR_DNS_base/DNS/src/intfc -I/sdcc/u/fmohammad/PR_DNS_base/DNS/src/util -I/sdcc/u/fmohammad/PR_DNS_base/DNS/src -I/sdcc/u/fmohammad/.conda/envs/pr-dns/include  -fopenmp -ljpeg -D__MPI__ -D__HYPRE__   -o CMakeFiles/solver.dir/parab.cpp.o -c /sdcc/u/fmohammad/PR_DNS_base/DNS/solver/parab.cpp
[ 89%] Building CXX object solver/CMakeFiles/solver.dir/solver.cpp.o
cd /sdcc/u/fmohammad/PR_DNS_base/DNS/solver && /hpcgpfs01/software/openmpi/4.1.1-gcc9.3.0/bin/mpic++   -I/sdcc/u/fmohammad/PR_DNS_base/DNS/src/front -I/sdcc/u/fmohammad/PR_DNS_base/DNS/src/intfc -I/sdcc/u/fmohammad/PR_DNS_base/DNS/src/util -I/sdcc/u/fmohammad/PR_DNS_base/DNS/src -I/sdcc/u/fmohammad/.conda/envs/pr-dns/include  -fopenmp -ljpeg -D__MPI__ -D__HYPRE__   -o CMakeFiles/solver.dir/solver.cpp.o -c /sdcc/u/fmohammad/PR_DNS_base/DNS/solver/solver.cpp
[ 90%] Linking CXX static library libsolver.a
cd /sdcc/u/fmohammad/PR_DNS_base/DNS/solver && /hpcgpfs01/software/cmake/3.16.2/bin/cmake -P CMakeFiles/solver.dir/cmake_clean_target.cmake
cd /sdcc/u/fmohammad/PR_DNS_base/DNS/solver && /hpcgpfs01/software/cmake/3.16.2/bin/cmake -E cmake_link_script CMakeFiles/solver.dir/link.txt --verbose=1
/usr/bin/ar qc libsolver.a  CMakeFiles/solver.dir/cim_ellip.cpp.o CMakeFiles/solver.dir/cim_parab.cpp.o CMakeFiles/solver.dir/dual_ellip.cpp.o CMakeFiles/solver.dir/ellip.cpp.o CMakeFiles/solver.dir/hyperb.cpp.o CMakeFiles/solver.dir/parab.cpp.o CMakeFiles/solver.dir/solver.cpp.o
/usr/bin/ranlib libsolver.a
make[2]: Leaving directory '/direct/sdcc+u/fmohammad/PR_DNS_base/DNS'
[ 90%] Built target solver
make -f iFluid/CMakeFiles/ifluid.dir/build.make iFluid/CMakeFiles/ifluid.dir/depend
make[2]: Entering directory '/direct/sdcc+u/fmohammad/PR_DNS_base/DNS'
cd /sdcc/u/fmohammad/PR_DNS_base/DNS && /hpcgpfs01/software/cmake/3.16.2/bin/cmake -E cmake_depends "Unix Makefiles" /sdcc/u/fmohammad/PR_DNS_base/DNS /sdcc/u/fmohammad/PR_DNS_base/DNS/iFluid /sdcc/u/fmohammad/PR_DNS_base/DNS /sdcc/u/fmohammad/PR_DNS_base/DNS/iFluid /sdcc/u/fmohammad/PR_DNS_base/DNS/iFluid/CMakeFiles/ifluid.dir/DependInfo.cmake --color=
Dependee "/sdcc/u/fmohammad/PR_DNS_base/DNS/iFluid/CMakeFiles/ifluid.dir/DependInfo.cmake" is newer than depender "/sdcc/u/fmohammad/PR_DNS_base/DNS/iFluid/CMakeFiles/ifluid.dir/depend.internal".
Dependee "/sdcc/u/fmohammad/PR_DNS_base/DNS/iFluid/CMakeFiles/CMakeDirectoryInformation.cmake" is newer than depender "/sdcc/u/fmohammad/PR_DNS_base/DNS/iFluid/CMakeFiles/ifluid.dir/depend.internal".
Scanning dependencies of target ifluid
make[2]: Leaving directory '/direct/sdcc+u/fmohammad/PR_DNS_base/DNS'
make -f iFluid/CMakeFiles/ifluid.dir/build.make iFluid/CMakeFiles/ifluid.dir/build
make[2]: Entering directory '/direct/sdcc+u/fmohammad/PR_DNS_base/DNS'
[ 90%] Building CXX object iFluid/CMakeFiles/ifluid.dir/iFbasic.cpp.o
cd /sdcc/u/fmohammad/PR_DNS_base/DNS/iFluid && /hpcgpfs01/software/openmpi/4.1.1-gcc9.3.0/bin/mpic++   -I/sdcc/u/fmohammad/PR_DNS_base/DNS/src/front -I/sdcc/u/fmohammad/PR_DNS_base/DNS/src/intfc -I/sdcc/u/fmohammad/PR_DNS_base/DNS/src/util -I/sdcc/u/fmohammad/PR_DNS_base/DNS/src -I/sdcc/u/fmohammad/PR_DNS_base/DNS/solver -I/sdcc/u/fmohammad/PR_DNS_base/DNS/iFluid -I/sdcc/u/fmohammad/.conda/envs/pr-dns/include  -fopenmp -ljpeg -D__MPI__   -o CMakeFiles/ifluid.dir/iFbasic.cpp.o -c /sdcc/u/fmohammad/PR_DNS_base/DNS/iFluid/iFbasic.cpp
[ 91%] Building CXX object iFluid/CMakeFiles/ifluid.dir/iFcartsn2d.cpp.o
cd /sdcc/u/fmohammad/PR_DNS_base/DNS/iFluid && /hpcgpfs01/software/openmpi/4.1.1-gcc9.3.0/bin/mpic++   -I/sdcc/u/fmohammad/PR_DNS_base/DNS/src/front -I/sdcc/u/fmohammad/PR_DNS_base/DNS/src/intfc -I/sdcc/u/fmohammad/PR_DNS_base/DNS/src/util -I/sdcc/u/fmohammad/PR_DNS_base/DNS/src -I/sdcc/u/fmohammad/PR_DNS_base/DNS/solver -I/sdcc/u/fmohammad/PR_DNS_base/DNS/iFluid -I/sdcc/u/fmohammad/.conda/envs/pr-dns/include  -fopenmp -ljpeg -D__MPI__   -o CMakeFiles/ifluid.dir/iFcartsn2d.cpp.o -c /sdcc/u/fmohammad/PR_DNS_base/DNS/iFluid/iFcartsn2d.cpp
[ 92%] Building CXX object iFluid/CMakeFiles/ifluid.dir/iFcartsn3d.cpp.o
cd /sdcc/u/fmohammad/PR_DNS_base/DNS/iFluid && /hpcgpfs01/software/openmpi/4.1.1-gcc9.3.0/bin/mpic++   -I/sdcc/u/fmohammad/PR_DNS_base/DNS/src/front -I/sdcc/u/fmohammad/PR_DNS_base/DNS/src/intfc -I/sdcc/u/fmohammad/PR_DNS_base/DNS/src/util -I/sdcc/u/fmohammad/PR_DNS_base/DNS/src -I/sdcc/u/fmohammad/PR_DNS_base/DNS/solver -I/sdcc/u/fmohammad/PR_DNS_base/DNS/iFluid -I/sdcc/u/fmohammad/.conda/envs/pr-dns/include  -fopenmp -ljpeg -D__MPI__   -o CMakeFiles/ifluid.dir/iFcartsn3d.cpp.o -c /sdcc/u/fmohammad/PR_DNS_base/DNS/iFluid/iFcartsn3d.cpp
[ 93%] Building CXX object iFluid/CMakeFiles/ifluid.dir/iFinit.cpp.o
cd /sdcc/u/fmohammad/PR_DNS_base/DNS/iFluid && /hpcgpfs01/software/openmpi/4.1.1-gcc9.3.0/bin/mpic++   -I/sdcc/u/fmohammad/PR_DNS_base/DNS/src/front -I/sdcc/u/fmohammad/PR_DNS_base/DNS/src/intfc -I/sdcc/u/fmohammad/PR_DNS_base/DNS/src/util -I/sdcc/u/fmohammad/PR_DNS_base/DNS/src -I/sdcc/u/fmohammad/PR_DNS_base/DNS/solver -I/sdcc/u/fmohammad/PR_DNS_base/DNS/iFluid -I/sdcc/u/fmohammad/.conda/envs/pr-dns/include  -fopenmp -ljpeg -D__MPI__   -o CMakeFiles/ifluid.dir/iFinit.cpp.o -c /sdcc/u/fmohammad/PR_DNS_base/DNS/iFluid/iFinit.cpp
[ 93%] Building CXX object iFluid/CMakeFiles/ifluid.dir/iFsub.cpp.o
cd /sdcc/u/fmohammad/PR_DNS_base/DNS/iFluid && /hpcgpfs01/software/openmpi/4.1.1-gcc9.3.0/bin/mpic++   -I/sdcc/u/fmohammad/PR_DNS_base/DNS/src/front -I/sdcc/u/fmohammad/PR_DNS_base/DNS/src/intfc -I/sdcc/u/fmohammad/PR_DNS_base/DNS/src/util -I/sdcc/u/fmohammad/PR_DNS_base/DNS/src -I/sdcc/u/fmohammad/PR_DNS_base/DNS/solver -I/sdcc/u/fmohammad/PR_DNS_base/DNS/iFluid -I/sdcc/u/fmohammad/.conda/envs/pr-dns/include  -fopenmp -ljpeg -D__MPI__   -o CMakeFiles/ifluid.dir/iFsub.cpp.o -c /sdcc/u/fmohammad/PR_DNS_base/DNS/iFluid/iFsub.cpp
[ 94%] Linking CXX static library libifluid.a
cd /sdcc/u/fmohammad/PR_DNS_base/DNS/iFluid && /hpcgpfs01/software/cmake/3.16.2/bin/cmake -P CMakeFiles/ifluid.dir/cmake_clean_target.cmake
cd /sdcc/u/fmohammad/PR_DNS_base/DNS/iFluid && /hpcgpfs01/software/cmake/3.16.2/bin/cmake -E cmake_link_script CMakeFiles/ifluid.dir/link.txt --verbose=1
/usr/bin/ar qc libifluid.a  CMakeFiles/ifluid.dir/iFbasic.cpp.o CMakeFiles/ifluid.dir/iFcartsn2d.cpp.o CMakeFiles/ifluid.dir/iFcartsn3d.cpp.o CMakeFiles/ifluid.dir/iFinit.cpp.o CMakeFiles/ifluid.dir/iFsub.cpp.o
/usr/bin/ranlib libifluid.a
make[2]: Leaving directory '/direct/sdcc+u/fmohammad/PR_DNS_base/DNS'
[ 94%] Built target ifluid
make -f climate/CMakeFiles/climate.dir/build.make climate/CMakeFiles/climate.dir/depend
make[2]: Entering directory '/direct/sdcc+u/fmohammad/PR_DNS_base/DNS'
cd /sdcc/u/fmohammad/PR_DNS_base/DNS && /hpcgpfs01/software/cmake/3.16.2/bin/cmake -E cmake_depends "Unix Makefiles" /sdcc/u/fmohammad/PR_DNS_base/DNS /sdcc/u/fmohammad/PR_DNS_base/DNS/climate /sdcc/u/fmohammad/PR_DNS_base/DNS /sdcc/u/fmohammad/PR_DNS_base/DNS/climate /sdcc/u/fmohammad/PR_DNS_base/DNS/climate/CMakeFiles/climate.dir/DependInfo.cmake --color=
Dependee "/sdcc/u/fmohammad/PR_DNS_base/DNS/climate/CMakeFiles/climate.dir/DependInfo.cmake" is newer than depender "/sdcc/u/fmohammad/PR_DNS_base/DNS/climate/CMakeFiles/climate.dir/depend.internal".
Dependee "/sdcc/u/fmohammad/PR_DNS_base/DNS/climate/CMakeFiles/CMakeDirectoryInformation.cmake" is newer than depender "/sdcc/u/fmohammad/PR_DNS_base/DNS/climate/CMakeFiles/climate.dir/depend.internal".
Scanning dependencies of target climate
make[2]: Leaving directory '/direct/sdcc+u/fmohammad/PR_DNS_base/DNS'
make -f climate/CMakeFiles/climate.dir/build.make climate/CMakeFiles/climate.dir/build
make[2]: Entering directory '/direct/sdcc+u/fmohammad/PR_DNS_base/DNS'
[ 94%] Building CXX object climate/CMakeFiles/climate.dir/climate.cpp.o
cd /sdcc/u/fmohammad/PR_DNS_base/DNS/climate && /hpcgpfs01/software/openmpi/4.1.1-gcc9.3.0/bin/mpic++   -I/sdcc/u/fmohammad/PR_DNS_base/DNS/solver -I/sdcc/u/fmohammad/PR_DNS_base/DNS/src/front -I/sdcc/u/fmohammad/PR_DNS_base/DNS/src/intfc -I/sdcc/u/fmohammad/PR_DNS_base/DNS/src/util -I/sdcc/u/fmohammad/PR_DNS_base/DNS/src -I/sdcc/u/fmohammad/PR_DNS_base/DNS/iFluid -I/sdcc/u/fmohammad/.conda/envs/pr-dns/include  -fopenmp -ljpeg -D__MPI__ -D__HDF5__   -o CMakeFiles/climate.dir/climate.cpp.o -c /sdcc/u/fmohammad/PR_DNS_base/DNS/climate/climate.cpp
[ 95%] Building CXX object climate/CMakeFiles/climate.dir/clminit.cpp.o
cd /sdcc/u/fmohammad/PR_DNS_base/DNS/climate && /hpcgpfs01/software/openmpi/4.1.1-gcc9.3.0/bin/mpic++   -I/sdcc/u/fmohammad/PR_DNS_base/DNS/solver -I/sdcc/u/fmohammad/PR_DNS_base/DNS/src/front -I/sdcc/u/fmohammad/PR_DNS_base/DNS/src/intfc -I/sdcc/u/fmohammad/PR_DNS_base/DNS/src/util -I/sdcc/u/fmohammad/PR_DNS_base/DNS/src -I/sdcc/u/fmohammad/PR_DNS_base/DNS/iFluid -I/sdcc/u/fmohammad/.conda/envs/pr-dns/include  -fopenmp -ljpeg -D__MPI__ -D__HDF5__   -o CMakeFiles/climate.dir/clminit.cpp.o -c /sdcc/u/fmohammad/PR_DNS_base/DNS/climate/clminit.cpp
[ 96%] Building CXX object climate/CMakeFiles/climate.dir/clmsub.cpp.o
cd /sdcc/u/fmohammad/PR_DNS_base/DNS/climate && /hpcgpfs01/software/openmpi/4.1.1-gcc9.3.0/bin/mpic++   -I/sdcc/u/fmohammad/PR_DNS_base/DNS/solver -I/sdcc/u/fmohammad/PR_DNS_base/DNS/src/front -I/sdcc/u/fmohammad/PR_DNS_base/DNS/src/intfc -I/sdcc/u/fmohammad/PR_DNS_base/DNS/src/util -I/sdcc/u/fmohammad/PR_DNS_base/DNS/src -I/sdcc/u/fmohammad/PR_DNS_base/DNS/iFluid -I/sdcc/u/fmohammad/.conda/envs/pr-dns/include  -fopenmp -ljpeg -D__MPI__ -D__HDF5__   -o CMakeFiles/climate.dir/clmsub.cpp.o -c /sdcc/u/fmohammad/PR_DNS_base/DNS/climate/clmsub.cpp
[ 96%] Building CXX object climate/CMakeFiles/climate.dir/fft.cpp.o
cd /sdcc/u/fmohammad/PR_DNS_base/DNS/climate && /hpcgpfs01/software/openmpi/4.1.1-gcc9.3.0/bin/mpic++   -I/sdcc/u/fmohammad/PR_DNS_base/DNS/solver -I/sdcc/u/fmohammad/PR_DNS_base/DNS/src/front -I/sdcc/u/fmohammad/PR_DNS_base/DNS/src/intfc -I/sdcc/u/fmohammad/PR_DNS_base/DNS/src/util -I/sdcc/u/fmohammad/PR_DNS_base/DNS/src -I/sdcc/u/fmohammad/PR_DNS_base/DNS/iFluid -I/sdcc/u/fmohammad/.conda/envs/pr-dns/include  -fopenmp -ljpeg -D__MPI__ -D__HDF5__   -o CMakeFiles/climate.dir/fft.cpp.o -c /sdcc/u/fmohammad/PR_DNS_base/DNS/climate/fft.cpp
[ 97%] Building CUDA object climate/CMakeFiles/climate.dir/testgpu.cu.o
cd /sdcc/u/fmohammad/PR_DNS_base/DNS/climate && /hpcgpfs01/software/cuda/11.1/bin/nvcc   -I/sdcc/u/fmohammad/PR_DNS_base/DNS/solver -I/sdcc/u/fmohammad/PR_DNS_base/DNS/src/front -I/sdcc/u/fmohammad/PR_DNS_base/DNS/src/intfc -I/sdcc/u/fmohammad/PR_DNS_base/DNS/src/util -I/sdcc/u/fmohammad/PR_DNS_base/DNS/src -I/sdcc/u/fmohammad/PR_DNS_base/DNS/iFluid -I/sdcc/u/fmohammad/.conda/envs/pr-dns/include  -D__CUDA__ -I/hpcgpfs01/software/openmpi/4.1.1-gcc9.3.0/include -L/hpcgpfs01/software/openmpi/4.1.1-gcc9.3.0/lib -lmpi -O3 -gencode=arch=compute_60,code=sm_60 -gencode=arch=compute_61,code=sm_61 -gencode=arch=compute_70,code=sm_70 -gencode=arch=compute_75,code=sm_75 -gencode=arch=compute_80,code=sm_80 -gencode=arch=compute_86,code=sm_86    -x cu -c /sdcc/u/fmohammad/PR_DNS_base/DNS/climate/testgpu.cu -o CMakeFiles/climate.dir/testgpu.cu.o
[ 98%] Building CXX object climate/CMakeFiles/climate.dir/vcartsn.cpp.o
cd /sdcc/u/fmohammad/PR_DNS_base/DNS/climate && /hpcgpfs01/software/openmpi/4.1.1-gcc9.3.0/bin/mpic++   -I/sdcc/u/fmohammad/PR_DNS_base/DNS/solver -I/sdcc/u/fmohammad/PR_DNS_base/DNS/src/front -I/sdcc/u/fmohammad/PR_DNS_base/DNS/src/intfc -I/sdcc/u/fmohammad/PR_DNS_base/DNS/src/util -I/sdcc/u/fmohammad/PR_DNS_base/DNS/src -I/sdcc/u/fmohammad/PR_DNS_base/DNS/iFluid -I/sdcc/u/fmohammad/.conda/envs/pr-dns/include  -fopenmp -ljpeg -D__MPI__ -D__HDF5__   -o CMakeFiles/climate.dir/vcartsn.cpp.o -c /sdcc/u/fmohammad/PR_DNS_base/DNS/climate/vcartsn.cpp
[ 98%] Building CUDA object climate/CMakeFiles/climate.dir/vcartsn.cu.o
cd /sdcc/u/fmohammad/PR_DNS_base/DNS/climate && /hpcgpfs01/software/cuda/11.1/bin/nvcc   -I/sdcc/u/fmohammad/PR_DNS_base/DNS/solver -I/sdcc/u/fmohammad/PR_DNS_base/DNS/src/front -I/sdcc/u/fmohammad/PR_DNS_base/DNS/src/intfc -I/sdcc/u/fmohammad/PR_DNS_base/DNS/src/util -I/sdcc/u/fmohammad/PR_DNS_base/DNS/src -I/sdcc/u/fmohammad/PR_DNS_base/DNS/iFluid -I/sdcc/u/fmohammad/.conda/envs/pr-dns/include  -D__CUDA__ -I/hpcgpfs01/software/openmpi/4.1.1-gcc9.3.0/include -L/hpcgpfs01/software/openmpi/4.1.1-gcc9.3.0/lib -lmpi -O3 -gencode=arch=compute_60,code=sm_60 -gencode=arch=compute_61,code=sm_61 -gencode=arch=compute_70,code=sm_70 -gencode=arch=compute_75,code=sm_75 -gencode=arch=compute_80,code=sm_80 -gencode=arch=compute_86,code=sm_86    -x cu -c /sdcc/u/fmohammad/PR_DNS_base/DNS/climate/vcartsn.cu -o CMakeFiles/climate.dir/vcartsn.cu.o
[ 99%] Building CXX object climate/CMakeFiles/climate.dir/weno.cpp.o
cd /sdcc/u/fmohammad/PR_DNS_base/DNS/climate && /hpcgpfs01/software/openmpi/4.1.1-gcc9.3.0/bin/mpic++   -I/sdcc/u/fmohammad/PR_DNS_base/DNS/solver -I/sdcc/u/fmohammad/PR_DNS_base/DNS/src/front -I/sdcc/u/fmohammad/PR_DNS_base/DNS/src/intfc -I/sdcc/u/fmohammad/PR_DNS_base/DNS/src/util -I/sdcc/u/fmohammad/PR_DNS_base/DNS/src -I/sdcc/u/fmohammad/PR_DNS_base/DNS/iFluid -I/sdcc/u/fmohammad/.conda/envs/pr-dns/include  -fopenmp -ljpeg -D__MPI__ -D__HDF5__   -o CMakeFiles/climate.dir/weno.cpp.o -c /sdcc/u/fmohammad/PR_DNS_base/DNS/climate/weno.cpp
[100%] Linking CXX executable climate
cd /sdcc/u/fmohammad/PR_DNS_base/DNS/climate && /hpcgpfs01/software/cmake/3.16.2/bin/cmake -E cmake_link_script CMakeFiles/climate.dir/link.txt --verbose=1
/hpcgpfs01/software/openmpi/4.1.1-gcc9.3.0/bin/mpic++  -fopenmp -ljpeg -D__MPI__ -D__HDF5__  -rdynamic CMakeFiles/climate.dir/climate.cpp.o CMakeFiles/climate.dir/clminit.cpp.o CMakeFiles/climate.dir/clmsub.cpp.o CMakeFiles/climate.dir/fft.cpp.o CMakeFiles/climate.dir/testgpu.cu.o CMakeFiles/climate.dir/vcartsn.cpp.o CMakeFiles/climate.dir/vcartsn.cu.o CMakeFiles/climate.dir/weno.cpp.o  -o climate   -L/hpcgpfs01/software/cuda/11.1/targets/x86_64-linux/lib/stubs  -L/hpcgpfs01/software/cuda/11.1/targets/x86_64-linux/lib  -Wl,-rpath,/sdcc/u/fmohammad/.conda/envs/pr-dns/lib ../src/libfrontier.a ../solver/libsolver.a ../iFluid/libifluid.a /sdcc/u/fmohammad/.conda/envs/pr-dns/lib/libfftw3.so ../solver/libsolver.a ../src/libfrontier.a /sdcc/u/fmohammad/.conda/envs/pr-dns/lib/libmfhdf.so /sdcc/u/fmohammad/.conda/envs/pr-dns/lib/libjpeg.so /sdcc/u/fmohammad/.conda/envs/pr-dns/lib/libdf.so -lsz /sdcc/u/fmohammad/.conda/envs/pr-dns/lib/libz.so /sdcc/u/fmohammad/.conda/envs/pr-dns/lib/libgd.so -lpetsc -lHYPRE -lcudadevrt -lcudart_static -lrt -ldl 
make[2]: Leaving directory '/direct/sdcc+u/fmohammad/PR_DNS_base/DNS'
[100%] Built target climate
make[1]: Leaving directory '/direct/sdcc+u/fmohammad/PR_DNS_base/DNS'
/hpcgpfs01/software/cmake/3.16.2/bin/cmake -E cmake_progress_start /sdcc/u/fmohammad/PR_DNS_base/DNS/CMakeFiles 0
